Using pre-set license
Built from '2020.3/release' branch; Version is '2020.3.7f1 (dd97f2c94397) revision 14522354'; Using compiler version '192528614'; Build Type 'Release'
OS: 'Windows 10 Home; OS build 19041.1110; Version 2004; 64bit' Language: 'ko' Physical Memory: 16305 MB
BatchMode: 1, IsHumanControllingUs: 0, StartBugReporterOnCrash: 0, Is64bit: 1, IsPro: 0

 COMMAND LINE ARGUMENTS:
C:\Program Files\2020.3.7f1\Editor\Unity.exe
-adb2
-batchMode
-noUpm
-name
AssetImportWorker0
-projectPath
C:/Users/beth3/Documents/GitHub/SOLITY_WaitSomeleading/WaitSomeleading_Game
-logFile
Logs/AssetImportWorker0.log
-srvPort
58172
Successfully changed project path to: C:/Users/beth3/Documents/GitHub/SOLITY_WaitSomeleading/WaitSomeleading_Game
C:/Users/beth3/Documents/GitHub/SOLITY_WaitSomeleading/WaitSomeleading_Game
Using Asset Import Pipeline V2.
Refreshing native plugins compatible for Editor in 52.63 ms, found 1 plugins.
Preloading 0 native plugins for Editor in 0.00 ms.
Initialize engine version: 2020.3.7f1 (dd97f2c94397)
[Subsystems] Discovering subsystems at path C:/Program Files/2020.3.7f1/Editor/Data/Resources/UnitySubsystems
[Subsystems] Discovering subsystems at path C:/Users/beth3/Documents/GitHub/SOLITY_WaitSomeleading/WaitSomeleading_Game/Assets
GfxDevice: creating device client; threaded=0
Direct3D:
    Version:  Direct3D 11.0 [level 11.1]
    Renderer: NVIDIA GeForce RTX 2060 (ID=0x1f55)
    Vendor:   
    VRAM:     5980 MB
    Driver:   27.21.14.5167
Initialize mono
Mono path[0] = 'C:/Program Files/2020.3.7f1/Editor/Data/Managed'
Mono path[1] = 'C:/Program Files/2020.3.7f1/Editor/Data/MonoBleedingEdge/lib/mono/unityjit'
Mono config path = 'C:/Program Files/2020.3.7f1/Editor/Data/MonoBleedingEdge/etc'
Using monoOptions --debugger-agent=transport=dt_socket,embedding=1,server=y,suspend=n,address=127.0.0.1:56140
Begin MonoManager ReloadAssembly
Registering precompiled unity dll's ...
Register platform support module: C:/Program Files/2020.3.7f1/Editor/Data/PlaybackEngines/WindowsStandaloneSupport/UnityEditor.WindowsStandalone.Extensions.dll
Registered in 0.003331 seconds.
Native extension for WindowsStandalone target not found
Refreshing native plugins compatible for Editor in 44.56 ms, found 1 plugins.
Preloading 0 native plugins for Editor in 0.00 ms.
Mono: successfully reloaded assembly
- Completed reload, in  0.907 seconds
Platform modules already initialized, skipping
Registering precompiled user dll's ...
Registered in 0.002528 seconds.
Begin MonoManager ReloadAssembly
Native extension for WindowsStandalone target not found
Refreshing native plugins compatible for Editor in 50.86 ms, found 1 plugins.
Preloading 0 native plugins for Editor in 0.00 ms.
Mono: successfully reloaded assembly
- Completed reload, in  0.938 seconds
Platform modules already initialized, skipping
========================================================================
Worker process is ready to serve import requests
Launched and connected shader compiler UnityShaderCompiler.exe after 0.03 seconds
Refreshing native plugins compatible for Editor in 0.81 ms, found 1 plugins.
Preloading 0 native plugins for Editor in 0.00 ms.
Unloading 1832 Unused Serialized files (Serialized files now loaded: 0)
System memory in use before: 86.5 MB.
System memory in use after: 86.5 MB.

Unloading 22 unused Assets to reduce memory usage. Loaded Objects now: 2278.
Total: 1.859900 ms (FindLiveObjects: 0.230000 ms CreateObjectMapping: 0.091400 ms MarkObjects: 1.444900 ms  DeleteObjects: 0.093000 ms)

========================================================================
Received Import Request.
  path: Assets/Script/EventPoint2.cs
  artifactKey: Guid(09e076ccfd32b9e44ac040e52c51ba25) Importer(815301076,1909f56bfc062723c751e8b465ee728b)
Start importing Assets/Script/EventPoint2.cs using Guid(09e076ccfd32b9e44ac040e52c51ba25) Importer(815301076,1909f56bfc062723c751e8b465ee728b)  -> (artifact id: '9b79d4139baf3f2a0a373f8b8a0188f2') in 0.290692 seconds
  Import took 0.293336 seconds .

========================================================================
Received Prepare
Registering precompiled user dll's ...
Registered in 0.002409 seconds.
Begin MonoManager ReloadAssembly
Native extension for WindowsStandalone target not found
Refreshing native plugins compatible for Editor in 0.56 ms, found 1 plugins.
Preloading 0 native plugins for Editor in 0.00 ms.
Mono: successfully reloaded assembly
- Completed reload, in  0.807 seconds
Platform modules already initialized, skipping
Refreshing native plugins compatible for Editor in 0.48 ms, found 1 plugins.
Preloading 0 native plugins for Editor in 0.00 ms.
Unloading 1826 Unused Serialized files (Serialized files now loaded: 0)
System memory in use before: 86.3 MB.
System memory in use after: 86.4 MB.

Unloading 11 unused Assets to reduce memory usage. Loaded Objects now: 2282.
Total: 1.697100 ms (FindLiveObjects: 0.186900 ms CreateObjectMapping: 0.075100 ms MarkObjects: 1.360200 ms  DeleteObjects: 0.074000 ms)

========================================================================
Received Prepare
Registering precompiled user dll's ...
Registered in 0.002195 seconds.
Begin MonoManager ReloadAssembly
Native extension for WindowsStandalone target not found
Refreshing native plugins compatible for Editor in 0.48 ms, found 1 plugins.
Preloading 0 native plugins for Editor in 0.00 ms.
Mono: successfully reloaded assembly
- Completed reload, in  0.796 seconds
Platform modules already initialized, skipping
Refreshing native plugins compatible for Editor in 0.48 ms, found 1 plugins.
Preloading 0 native plugins for Editor in 0.00 ms.
Unloading 1826 Unused Serialized files (Serialized files now loaded: 0)
System memory in use before: 86.4 MB.
System memory in use after: 86.4 MB.

Unloading 11 unused Assets to reduce memory usage. Loaded Objects now: 2286.
Total: 1.804100 ms (FindLiveObjects: 0.201600 ms CreateObjectMapping: 0.072700 ms MarkObjects: 1.423600 ms  DeleteObjects: 0.105400 ms)

========================================================================
Received Prepare
Registering precompiled user dll's ...
Registered in 0.003276 seconds.
Begin MonoManager ReloadAssembly
Native extension for WindowsStandalone target not found
Refreshing native plugins compatible for Editor in 0.47 ms, found 1 plugins.
Preloading 0 native plugins for Editor in 0.00 ms.
Mono: successfully reloaded assembly
- Completed reload, in  0.802 seconds
Platform modules already initialized, skipping
Refreshing native plugins compatible for Editor in 0.48 ms, found 1 plugins.
Preloading 0 native plugins for Editor in 0.00 ms.
Unloading 1826 Unused Serialized files (Serialized files now loaded: 0)
System memory in use before: 86.4 MB.
System memory in use after: 86.4 MB.

Unloading 11 unused Assets to reduce memory usage. Loaded Objects now: 2290.
Total: 1.722900 ms (FindLiveObjects: 0.195400 ms CreateObjectMapping: 0.062600 ms MarkObjects: 1.346300 ms  DeleteObjects: 0.117600 ms)

========================================================================
Received Prepare
Registering precompiled user dll's ...
Registered in 0.002446 seconds.
Begin MonoManager ReloadAssembly
Native extension for WindowsStandalone target not found
Refreshing native plugins compatible for Editor in 0.53 ms, found 1 plugins.
Preloading 0 native plugins for Editor in 0.00 ms.
Mono: successfully reloaded assembly
- Completed reload, in  0.831 seconds
Platform modules already initialized, skipping
Refreshing native plugins compatible for Editor in 0.56 ms, found 1 plugins.
Preloading 0 native plugins for Editor in 0.00 ms.
Unloading 1826 Unused Serialized files (Serialized files now loaded: 0)
System memory in use before: 86.4 MB.
System memory in use after: 86.4 MB.

Unloading 11 unused Assets to reduce memory usage. Loaded Objects now: 2294.
Total: 2.568400 ms (FindLiveObjects: 0.262400 ms CreateObjectMapping: 0.097100 ms MarkObjects: 2.096900 ms  DeleteObjects: 0.109800 ms)

========================================================================
Received Prepare
Registering precompiled user dll's ...
Registered in 0.002560 seconds.
Begin MonoManager ReloadAssembly
Native extension for WindowsStandalone target not found
Refreshing native plugins compatible for Editor in 0.48 ms, found 1 plugins.
Preloading 0 native plugins for Editor in 0.00 ms.
Mono: successfully reloaded assembly
- Completed reload, in  0.806 seconds
Platform modules already initialized, skipping
Refreshing native plugins compatible for Editor in 0.49 ms, found 1 plugins.
Preloading 0 native plugins for Editor in 0.00 ms.
Unloading 1826 Unused Serialized files (Serialized files now loaded: 0)
System memory in use before: 86.4 MB.
System memory in use after: 86.5 MB.

Unloading 11 unused Assets to reduce memory usage. Loaded Objects now: 2298.
Total: 1.770400 ms (FindLiveObjects: 0.221400 ms CreateObjectMapping: 0.067000 ms MarkObjects: 1.362800 ms  DeleteObjects: 0.118100 ms)

========================================================================
Received Import Request.
  Time since last request: 384.592136 seconds.
  path: Assets/Script/Ending.cs
  artifactKey: Guid(a42160bdc7ae86a4fbbb863d277b1596) Importer(815301076,1909f56bfc062723c751e8b465ee728b)
Start importing Assets/Script/Ending.cs using Guid(a42160bdc7ae86a4fbbb863d277b1596) Importer(815301076,1909f56bfc062723c751e8b465ee728b)  -> (artifact id: 'ef82f1c6586a17cffb178086dacffebb') in 0.006310 seconds
  Import took 0.008778 seconds .

========================================================================
Received Import Request.
  Time since last request: 0.001109 seconds.
  path: Assets/Script/Ending.cs
  artifactKey: Guid(a42160bdc7ae86a4fbbb863d277b1596) Importer(815301076,1909f56bfc062723c751e8b465ee728b)
Start importing Assets/Script/Ending.cs using Guid(a42160bdc7ae86a4fbbb863d277b1596) Importer(815301076,1909f56bfc062723c751e8b465ee728b)  -> (artifact id: 'ef82f1c6586a17cffb178086dacffebb') in 0.002818 seconds
  Import took 0.005207 seconds .

========================================================================
Received Prepare
Registering precompiled user dll's ...
Registered in 0.002377 seconds.
Begin MonoManager ReloadAssembly
Native extension for WindowsStandalone target not found
Refreshing native plugins compatible for Editor in 0.63 ms, found 1 plugins.
Preloading 0 native plugins for Editor in 0.00 ms.
Mono: successfully reloaded assembly
- Completed reload, in  0.819 seconds
Platform modules already initialized, skipping
Refreshing native plugins compatible for Editor in 0.50 ms, found 1 plugins.
Preloading 0 native plugins for Editor in 0.00 ms.
Unloading 1826 Unused Serialized files (Serialized files now loaded: 0)
System memory in use before: 86.4 MB.
System memory in use after: 86.4 MB.

Unloading 11 unused Assets to reduce memory usage. Loaded Objects now: 2302.
Total: 1.763500 ms (FindLiveObjects: 0.219500 ms CreateObjectMapping: 0.073700 ms MarkObjects: 1.353000 ms  DeleteObjects: 0.116600 ms)

========================================================================
Received Import Request.
  Time since last request: 22.007293 seconds.
  path: Assets/Script/Menu.cs
  artifactKey: Guid(515d624881b5ba545a55aa34cb4d48bb) Importer(815301076,1909f56bfc062723c751e8b465ee728b)
Start importing Assets/Script/Menu.cs using Guid(515d624881b5ba545a55aa34cb4d48bb) Importer(815301076,1909f56bfc062723c751e8b465ee728b)  -> (artifact id: '9a2c2083d29f0dec2c130d91b50bcea2') in 0.006076 seconds
  Import took 0.008503 seconds .

========================================================================
Received Import Request.
  Time since last request: 0.000251 seconds.
  path: Assets/Script/Ending.cs
  artifactKey: Guid(a42160bdc7ae86a4fbbb863d277b1596) Importer(815301076,1909f56bfc062723c751e8b465ee728b)
Start importing Assets/Script/Ending.cs using Guid(a42160bdc7ae86a4fbbb863d277b1596) Importer(815301076,1909f56bfc062723c751e8b465ee728b)  -> (artifact id: '07fe590b3f3d69b4c274e697e0208361') in 0.002919 seconds
  Import took 0.005137 seconds .

========================================================================
Received Import Request.
  Time since last request: 42.084530 seconds.
  path: Assets/Script/OrderManager.cs
  artifactKey: Guid(402c139a757f1cc4888d56caeee0abca) Importer(815301076,1909f56bfc062723c751e8b465ee728b)
Start importing Assets/Script/OrderManager.cs using Guid(402c139a757f1cc4888d56caeee0abca) Importer(815301076,1909f56bfc062723c751e8b465ee728b)  -> (artifact id: '19cf2f2ac427cb7e6d1b78d4ebe776b2') in 0.003528 seconds
  Import took 0.005704 seconds .

========================================================================
Received Import Request.
  Time since last request: 0.006726 seconds.
  path: Assets/Script/OrderManager.cs
  artifactKey: Guid(402c139a757f1cc4888d56caeee0abca) Importer(815301076,1909f56bfc062723c751e8b465ee728b)
Start importing Assets/Script/OrderManager.cs using Guid(402c139a757f1cc4888d56caeee0abca) Importer(815301076,1909f56bfc062723c751e8b465ee728b)  -> (artifact id: '19cf2f2ac427cb7e6d1b78d4ebe776b2') in 0.003314 seconds
  Import took 0.006279 seconds .

========================================================================
Received Import Request.
  Time since last request: 26.272777 seconds.
  path: Assets/Script/Moving_Object.cs
  artifactKey: Guid(082aa74ab12b22844bdfde222e3c0580) Importer(815301076,1909f56bfc062723c751e8b465ee728b)
Start importing Assets/Script/Moving_Object.cs using Guid(082aa74ab12b22844bdfde222e3c0580) Importer(815301076,1909f56bfc062723c751e8b465ee728b)  -> (artifact id: 'ce4579e7fbf3fc6a91b96cabedef47b2') in 0.003896 seconds
  Import took 0.006389 seconds .

========================================================================
Received Prepare
Registering precompiled user dll's ...
Registered in 0.002251 seconds.
Begin MonoManager ReloadAssembly
Native extension for WindowsStandalone target not found
Refreshing native plugins compatible for Editor in 0.48 ms, found 1 plugins.
Preloading 0 native plugins for Editor in 0.00 ms.
Mono: successfully reloaded assembly
- Completed reload, in  0.787 seconds
Platform modules already initialized, skipping
Refreshing native plugins compatible for Editor in 0.49 ms, found 1 plugins.
Preloading 0 native plugins for Editor in 0.00 ms.
Unloading 1826 Unused Serialized files (Serialized files now loaded: 0)
System memory in use before: 86.4 MB.
System memory in use after: 86.4 MB.

Unloading 11 unused Assets to reduce memory usage. Loaded Objects now: 2306.
Total: 2.020000 ms (FindLiveObjects: 0.227000 ms CreateObjectMapping: 0.076800 ms MarkObjects: 1.616800 ms  DeleteObjects: 0.098100 ms)

========================================================================
Received Prepare
Registering precompiled user dll's ...
Registered in 0.003453 seconds.
Begin MonoManager ReloadAssembly
Native extension for WindowsStandalone target not found
Refreshing native plugins compatible for Editor in 0.84 ms, found 1 plugins.
Preloading 0 native plugins for Editor in 0.00 ms.
Mono: successfully reloaded assembly
- Completed reload, in  0.820 seconds
Platform modules already initialized, skipping
Refreshing native plugins compatible for Editor in 0.49 ms, found 1 plugins.
Preloading 0 native plugins for Editor in 0.00 ms.
Unloading 1826 Unused Serialized files (Serialized files now loaded: 0)
System memory in use before: 86.4 MB.
System memory in use after: 86.5 MB.

Unloading 11 unused Assets to reduce memory usage. Loaded Objects now: 2310.
Total: 2.418100 ms (FindLiveObjects: 0.221500 ms CreateObjectMapping: 0.075900 ms MarkObjects: 1.999900 ms  DeleteObjects: 0.119300 ms)

========================================================================
Received Prepare
Registering precompiled user dll's ...
Registered in 0.002224 seconds.
Begin MonoManager ReloadAssembly
Native extension for WindowsStandalone target not found
Refreshing native plugins compatible for Editor in 0.62 ms, found 1 plugins.
Preloading 0 native plugins for Editor in 0.00 ms.
Mono: successfully reloaded assembly
- Completed reload, in  0.801 seconds
Platform modules already initialized, skipping
Refreshing native plugins compatible for Editor in 0.48 ms, found 1 plugins.
Preloading 0 native plugins for Editor in 0.00 ms.
Unloading 1826 Unused Serialized files (Serialized files now loaded: 0)
System memory in use before: 86.4 MB.
System memory in use after: 86.5 MB.

Unloading 11 unused Assets to reduce memory usage. Loaded Objects now: 2314.
Total: 1.706200 ms (FindLiveObjects: 0.184600 ms CreateObjectMapping: 0.070400 ms MarkObjects: 1.373900 ms  DeleteObjects: 0.076400 ms)

========================================================================
Received Prepare
Registering precompiled user dll's ...
Registered in 0.002347 seconds.
Begin MonoManager ReloadAssembly
Native extension for WindowsStandalone target not found
Refreshing native plugins compatible for Editor in 0.49 ms, found 1 plugins.
Preloading 0 native plugins for Editor in 0.00 ms.
Mono: successfully reloaded assembly
- Completed reload, in  0.802 seconds
Platform modules already initialized, skipping
Refreshing native plugins compatible for Editor in 0.49 ms, found 1 plugins.
Preloading 0 native plugins for Editor in 0.00 ms.
Unloading 1826 Unused Serialized files (Serialized files now loaded: 0)
System memory in use before: 86.5 MB.
System memory in use after: 86.5 MB.

Unloading 11 unused Assets to reduce memory usage. Loaded Objects now: 2318.
Total: 1.921800 ms (FindLiveObjects: 0.281500 ms CreateObjectMapping: 0.079000 ms MarkObjects: 1.432500 ms  DeleteObjects: 0.127900 ms)

AssetImportWorkerClient::OnTransportError - code=2 error=End of file
