Using pre-set license
Built from '2020.3/release' branch; Version is '2020.3.7f1 (dd97f2c94397) revision 14522354'; Using compiler version '192528614'; Build Type 'Release'
OS: 'Windows 10 Home; OS build 19041.867; Version 2004; 64bit' Language: 'ko' Physical Memory: 16305 MB
BatchMode: 1, IsHumanControllingUs: 0, StartBugReporterOnCrash: 0, Is64bit: 1, IsPro: 0

 COMMAND LINE ARGUMENTS:
C:\Program Files\2020.3.7f1\Editor\Unity.exe
-adb2
-batchMode
-noUpm
-name
AssetImportWorker1
-projectPath
C:/Users/beth3/Documents/GitHub/SOLITY_WaitSomeleading/WaitSomeleading_Game
-logFile
Logs/AssetImportWorker1.log
-srvPort
56132
Successfully changed project path to: C:/Users/beth3/Documents/GitHub/SOLITY_WaitSomeleading/WaitSomeleading_Game
C:/Users/beth3/Documents/GitHub/SOLITY_WaitSomeleading/WaitSomeleading_Game
Using Asset Import Pipeline V2.
Refreshing native plugins compatible for Editor in 58.29 ms, found 1 plugins.
Preloading 0 native plugins for Editor in 0.00 ms.
Initialize engine version: 2020.3.7f1 (dd97f2c94397)
[Subsystems] Discovering subsystems at path C:/Program Files/2020.3.7f1/Editor/Data/Resources/UnitySubsystems
[Subsystems] Discovering subsystems at path C:/Users/beth3/Documents/GitHub/SOLITY_WaitSomeleading/WaitSomeleading_Game/Assets
GfxDevice: creating device client; threaded=0
Direct3D:
    Version:  Direct3D 11.0 [level 11.1]
    Renderer: NVIDIA GeForce RTX 2060 (ID=0x1f55)
    Vendor:   
    VRAM:     5980 MB
    Driver:   27.21.14.5167
Initialize mono
Mono path[0] = 'C:/Program Files/2020.3.7f1/Editor/Data/Managed'
Mono path[1] = 'C:/Program Files/2020.3.7f1/Editor/Data/MonoBleedingEdge/lib/mono/unityjit'
Mono config path = 'C:/Program Files/2020.3.7f1/Editor/Data/MonoBleedingEdge/etc'
Using monoOptions --debugger-agent=transport=dt_socket,embedding=1,server=y,suspend=n,address=127.0.0.1:56732
Begin MonoManager ReloadAssembly
Registering precompiled unity dll's ...
Register platform support module: C:/Program Files/2020.3.7f1/Editor/Data/PlaybackEngines/WindowsStandaloneSupport/UnityEditor.WindowsStandalone.Extensions.dll
Registered in 0.003834 seconds.
Native extension for WindowsStandalone target not found
Refreshing native plugins compatible for Editor in 46.25 ms, found 1 plugins.
Preloading 0 native plugins for Editor in 0.00 ms.
Mono: successfully reloaded assembly
- Completed reload, in  0.948 seconds
Platform modules already initialized, skipping
Registering precompiled user dll's ...
Registered in 0.002104 seconds.
Begin MonoManager ReloadAssembly
Native extension for WindowsStandalone target not found
Refreshing native plugins compatible for Editor in 43.85 ms, found 1 plugins.
Preloading 0 native plugins for Editor in 0.00 ms.
Mono: successfully reloaded assembly
- Completed reload, in  0.891 seconds
Platform modules already initialized, skipping
========================================================================
Worker process is ready to serve import requests
Launched and connected shader compiler UnityShaderCompiler.exe after 0.03 seconds
Refreshing native plugins compatible for Editor in 0.53 ms, found 1 plugins.
Preloading 0 native plugins for Editor in 0.00 ms.
Unloading 1817 Unused Serialized files (Serialized files now loaded: 0)
System memory in use before: 86.1 MB.
System memory in use after: 86.1 MB.

Unloading 23 unused Assets to reduce memory usage. Loaded Objects now: 2262.
Total: 2.396200 ms (FindLiveObjects: 0.366800 ms CreateObjectMapping: 0.419500 ms MarkObjects: 1.477000 ms  DeleteObjects: 0.132100 ms)

========================================================================
Received Import Request.
  path: Assets/Buildings/house_12.png
  artifactKey: Guid(aece9fae9c96e174b93140b13c1e601a) Importer(815301076,1909f56bfc062723c751e8b465ee728b)
Start importing Assets/Buildings/house_12.png using Guid(aece9fae9c96e174b93140b13c1e601a) Importer(815301076,1909f56bfc062723c751e8b465ee728b)  -> (artifact id: 'c46715684592d1b5415950e03cd84767') in 0.339150 seconds
  Import took 0.341565 seconds .

========================================================================
Received Import Request.
  Time since last request: 0.000197 seconds.
  path: Assets/Buildings/house_13.png
  artifactKey: Guid(26f5bf124b43a2144a75c85e59d06350) Importer(815301076,1909f56bfc062723c751e8b465ee728b)
Start importing Assets/Buildings/house_13.png using Guid(26f5bf124b43a2144a75c85e59d06350) Importer(815301076,1909f56bfc062723c751e8b465ee728b)  -> (artifact id: '5a468b678ee953c32029c97104cff474') in 0.013917 seconds
  Import took 0.016327 seconds .

========================================================================
Received Import Request.
  Time since last request: 0.000166 seconds.
  path: Assets/Buildings/house_10.png
  artifactKey: Guid(4e14e3ebc8163f14588c2476b3c55458) Importer(815301076,1909f56bfc062723c751e8b465ee728b)
Start importing Assets/Buildings/house_10.png using Guid(4e14e3ebc8163f14588c2476b3c55458) Importer(815301076,1909f56bfc062723c751e8b465ee728b)  -> (artifact id: '29760880e685a9df137d632d9150200a') in 0.030264 seconds
  Import took 0.033239 seconds .

========================================================================
Received Import Request.
  Time since last request: 0.000141 seconds.
  path: Assets/Buildings/house_14.png
  artifactKey: Guid(29bda460770a83649a40aaf3be0f7f58) Importer(815301076,1909f56bfc062723c751e8b465ee728b)
Start importing Assets/Buildings/house_14.png using Guid(29bda460770a83649a40aaf3be0f7f58) Importer(815301076,1909f56bfc062723c751e8b465ee728b)  -> (artifact id: '6001ef45a4c1e3a92693f4dc5877b47c') in 0.043238 seconds
  Import took 0.045612 seconds .

========================================================================
Received Import Request.
  Time since last request: 0.000153 seconds.
  path: Assets/Buildings/house_11.png
  artifactKey: Guid(4a1c7f967b317a54ab55c68e219067e1) Importer(815301076,1909f56bfc062723c751e8b465ee728b)
Start importing Assets/Buildings/house_11.png using Guid(4a1c7f967b317a54ab55c68e219067e1) Importer(815301076,1909f56bfc062723c751e8b465ee728b)  -> (artifact id: 'e5d6e1514e3983cf3bac54f929fe4fe4') in 0.011484 seconds
  Import took 0.013844 seconds .

========================================================================
Received Import Request.
  Time since last request: 0.000123 seconds.
  path: Assets/Buildings/mini_market.png
  artifactKey: Guid(f620c4849a79818429e55361514d084f) Importer(815301076,1909f56bfc062723c751e8b465ee728b)
Start importing Assets/Buildings/mini_market.png using Guid(f620c4849a79818429e55361514d084f) Importer(815301076,1909f56bfc062723c751e8b465ee728b)  -> (artifact id: 'db57d4a403d0d79d2efd047737a636d5') in 0.027359 seconds
  Import took 0.030027 seconds .

========================================================================
Received Prepare
Refreshing native plugins compatible for Editor in 3.73 ms, found 1 plugins.
Preloading 0 native plugins for Editor in 0.00 ms.
Unloading 10 Unused Serialized files (Serialized files now loaded: 0)
System memory in use before: 53.0 MB.
System memory in use after: 53.0 MB.

Unloading 10 unused Assets to reduce memory usage. Loaded Objects now: 2268.
Total: 2.264300 ms (FindLiveObjects: 0.166000 ms CreateObjectMapping: 0.062300 ms MarkObjects: 1.955400 ms  DeleteObjects: 0.080000 ms)

========================================================================
Received Import Request.
  Time since last request: 315.313866 seconds.
  path: Assets/30PixelCharactersPack/Characters/Magician/magician.png
  artifactKey: Guid(66e73f66d0870364fbf50a9a7527f355) Importer(815301076,1909f56bfc062723c751e8b465ee728b)
Start importing Assets/30PixelCharactersPack/Characters/Magician/magician.png using Guid(66e73f66d0870364fbf50a9a7527f355) Importer(815301076,1909f56bfc062723c751e8b465ee728b)  -> (artifact id: 'f7af6a0c29c4e5790f73182680ba960c') in 0.011275 seconds
  Import took 0.014623 seconds .

========================================================================
Received Import Request.
  Time since last request: 37.015036 seconds.
  path: Assets/30PixelCharactersPack/Characters/Magician/magician.png
  artifactKey: Guid(66e73f66d0870364fbf50a9a7527f355) Importer(815301076,1909f56bfc062723c751e8b465ee728b)
Start importing Assets/30PixelCharactersPack/Characters/Magician/magician.png using Guid(66e73f66d0870364fbf50a9a7527f355) Importer(815301076,1909f56bfc062723c751e8b465ee728b)  -> (artifact id: 'e26cf3d3e1edbb044f98d55cc9ec4063') in 0.024252 seconds
  Import took 0.027447 seconds .

========================================================================
Received Import Request.
  Time since last request: 41.213262 seconds.
  path: Assets/30PixelCharactersPack/Characters/Magician/magician.png
  artifactKey: Guid(66e73f66d0870364fbf50a9a7527f355) Importer(815301076,1909f56bfc062723c751e8b465ee728b)
Start importing Assets/30PixelCharactersPack/Characters/Magician/magician.png using Guid(66e73f66d0870364fbf50a9a7527f355) Importer(815301076,1909f56bfc062723c751e8b465ee728b)  -> (artifact id: 'c82d8e1a037ac8a19b7945ae12c14836') in 0.016344 seconds
  Import took 0.019509 seconds .

========================================================================
Received Import Request.
  Time since last request: 11.112103 seconds.
  path: Assets/30PixelCharactersPack/Characters/Magician/Magician.prefab
  artifactKey: Guid(901aa83c03637d849bd065c2dc1001aa) Importer(815301076,1909f56bfc062723c751e8b465ee728b)
Start importing Assets/30PixelCharactersPack/Characters/Magician/Magician.prefab using Guid(901aa83c03637d849bd065c2dc1001aa) Importer(815301076,1909f56bfc062723c751e8b465ee728b)  -> (artifact id: '23f670cdf37a1838ad6e1e5ebf4d84d9') in 0.041920 seconds
  Import took 0.044956 seconds .

========================================================================
Received Import Request.
  Time since last request: 22.096753 seconds.
  path: Assets/30PixelCharactersPack/Characters/Magician/magician.png
  artifactKey: Guid(66e73f66d0870364fbf50a9a7527f355) Importer(815301076,1909f56bfc062723c751e8b465ee728b)
Start importing Assets/30PixelCharactersPack/Characters/Magician/magician.png using Guid(66e73f66d0870364fbf50a9a7527f355) Importer(815301076,1909f56bfc062723c751e8b465ee728b)  -> (artifact id: '3525aad314d8045b3a5b7ce4477d1290') in 0.018800 seconds
  Import took 0.022165 seconds .

========================================================================
Received Import Request.
  Time since last request: 15.626572 seconds.
  path: Assets/30PixelCharactersPack/Characters/Magician/magician.png
  artifactKey: Guid(66e73f66d0870364fbf50a9a7527f355) Importer(815301076,1909f56bfc062723c751e8b465ee728b)
Start importing Assets/30PixelCharactersPack/Characters/Magician/magician.png using Guid(66e73f66d0870364fbf50a9a7527f355) Importer(815301076,1909f56bfc062723c751e8b465ee728b)  -> (artifact id: 'e0e64dc2763bda75a2e366d350971fe3') in 0.027675 seconds
  Import took 0.030387 seconds .

========================================================================
Received Import Request.
  Time since last request: 6.450145 seconds.
  path: Assets/30PixelCharactersPack/Characters/Magician/magician.png
  artifactKey: Guid(66e73f66d0870364fbf50a9a7527f355) Importer(815301076,1909f56bfc062723c751e8b465ee728b)
Start importing Assets/30PixelCharactersPack/Characters/Magician/magician.png using Guid(66e73f66d0870364fbf50a9a7527f355) Importer(815301076,1909f56bfc062723c751e8b465ee728b)  -> (artifact id: 'bc3c45e1c92f4ece0269d8aa69387d2c') in 0.018949 seconds
  Import took 0.021470 seconds .

========================================================================
Received Import Request.
  Time since last request: 10.149067 seconds.
  path: Assets/30PixelCharactersPack/Characters/Magician/magician.png
  artifactKey: Guid(66e73f66d0870364fbf50a9a7527f355) Importer(815301076,1909f56bfc062723c751e8b465ee728b)
Start importing Assets/30PixelCharactersPack/Characters/Magician/magician.png using Guid(66e73f66d0870364fbf50a9a7527f355) Importer(815301076,1909f56bfc062723c751e8b465ee728b)  -> (artifact id: 'e9264aa95e9644c8a32fbc871a994911') in 0.012809 seconds
  Import took 0.015614 seconds .

========================================================================
Received Import Request.
  Time since last request: 25.257627 seconds.
  path: Assets/30PixelCharactersPack/Characters/Magician/magician.png
  artifactKey: Guid(66e73f66d0870364fbf50a9a7527f355) Importer(815301076,1909f56bfc062723c751e8b465ee728b)
Start importing Assets/30PixelCharactersPack/Characters/Magician/magician.png using Guid(66e73f66d0870364fbf50a9a7527f355) Importer(815301076,1909f56bfc062723c751e8b465ee728b)  -> (artifact id: '27826879a8206a38f82ee9112ba43cdb') in 0.019161 seconds
  Import took 0.022246 seconds .

========================================================================
Received Import Request.
  Time since last request: 9.881899 seconds.
  path: Assets/30PixelCharactersPack/Characters/Magician/magician.png
  artifactKey: Guid(66e73f66d0870364fbf50a9a7527f355) Importer(815301076,1909f56bfc062723c751e8b465ee728b)
Start importing Assets/30PixelCharactersPack/Characters/Magician/magician.png using Guid(66e73f66d0870364fbf50a9a7527f355) Importer(815301076,1909f56bfc062723c751e8b465ee728b)  -> (artifact id: '9818bf3dedfc1e482f31161be0c65118') in 0.028177 seconds
  Import took 0.030716 seconds .

========================================================================
Received Import Request.
  Time since last request: 19.736132 seconds.
  path: Assets/30PixelCharactersPack/Characters/Magician/magician.png
  artifactKey: Guid(66e73f66d0870364fbf50a9a7527f355) Importer(815301076,1909f56bfc062723c751e8b465ee728b)
Start importing Assets/30PixelCharactersPack/Characters/Magician/magician.png using Guid(66e73f66d0870364fbf50a9a7527f355) Importer(815301076,1909f56bfc062723c751e8b465ee728b)  -> (artifact id: '50801fad8a36ea61e124e152d3875cda') in 0.013831 seconds
  Import took 0.017554 seconds .

========================================================================
Received Import Request.
  Time since last request: 19.875444 seconds.
  path: Assets/30PixelCharactersPack/Characters/Magician/magician.png
  artifactKey: Guid(66e73f66d0870364fbf50a9a7527f355) Importer(815301076,1909f56bfc062723c751e8b465ee728b)
Start importing Assets/30PixelCharactersPack/Characters/Magician/magician.png using Guid(66e73f66d0870364fbf50a9a7527f355) Importer(815301076,1909f56bfc062723c751e8b465ee728b)  -> (artifact id: '945c191b4eea785f3170e0ca20f26156') in 0.026994 seconds
  Import took 0.030458 seconds .

========================================================================
Received Import Request.
  Time since last request: 29.907302 seconds.
  path: Assets/30PixelCharactersPack/Characters/Magician/magician.png
  artifactKey: Guid(66e73f66d0870364fbf50a9a7527f355) Importer(815301076,1909f56bfc062723c751e8b465ee728b)
Start importing Assets/30PixelCharactersPack/Characters/Magician/magician.png using Guid(66e73f66d0870364fbf50a9a7527f355) Importer(815301076,1909f56bfc062723c751e8b465ee728b)  -> (artifact id: '296adc5c5550c059be8c1350cb5e342e') in 0.016552 seconds
  Import took 0.019809 seconds .

========================================================================
Received Import Request.
  Time since last request: 53.750555 seconds.
  path: Assets/30PixelCharactersPack/Characters/Magician/Magician
  artifactKey: Guid(435e433b51a214d408ca31af0e849639) Importer(815301076,1909f56bfc062723c751e8b465ee728b)
Start importing Assets/30PixelCharactersPack/Characters/Magician/Magician using Guid(435e433b51a214d408ca31af0e849639) Importer(815301076,1909f56bfc062723c751e8b465ee728b)  -> (artifact id: '5ec51cfed7832a44b204fb7dbcd55210') in 0.004742 seconds
  Import took 0.007522 seconds .

========================================================================
Received Import Request.
  Time since last request: 0.000464 seconds.
  path: Assets/30PixelCharactersPack/Characters/Magician/Magician
  artifactKey: Guid(435e433b51a214d408ca31af0e849639) Importer(815301076,1909f56bfc062723c751e8b465ee728b)
Start importing Assets/30PixelCharactersPack/Characters/Magician/Magician using Guid(435e433b51a214d408ca31af0e849639) Importer(815301076,1909f56bfc062723c751e8b465ee728b)  -> (artifact id: '5ec51cfed7832a44b204fb7dbcd55210') in 0.002920 seconds
  Import took 0.005601 seconds .

========================================================================
Received Import Request.
  Time since last request: 3.358332 seconds.
  path: Assets/30PixelCharactersPack
  artifactKey: Guid(fbd7cda8708c78749b3fb937ccb3d569) Importer(815301076,1909f56bfc062723c751e8b465ee728b)
Start importing Assets/30PixelCharactersPack using Guid(fbd7cda8708c78749b3fb937ccb3d569) Importer(815301076,1909f56bfc062723c751e8b465ee728b)  -> (artifact id: '937a043f376733c2905f25a08199d3c9') in 0.004674 seconds
  Import took 0.007117 seconds .

========================================================================
Received Import Request.
  Time since last request: 0.000457 seconds.
  path: Assets/30PixelCharactersPack
  artifactKey: Guid(fbd7cda8708c78749b3fb937ccb3d569) Importer(815301076,1909f56bfc062723c751e8b465ee728b)
Start importing Assets/30PixelCharactersPack using Guid(fbd7cda8708c78749b3fb937ccb3d569) Importer(815301076,1909f56bfc062723c751e8b465ee728b)  -> (artifact id: '937a043f376733c2905f25a08199d3c9') in 0.002965 seconds
  Import took 0.005547 seconds .

========================================================================
Received Import Request.
  Time since last request: 13.455277 seconds.
  path: Assets/Buildings/prison.png
  artifactKey: Guid(b5dd30abcb6739642bb61568c4105da5) Importer(815301076,1909f56bfc062723c751e8b465ee728b)
Start importing Assets/Buildings/prison.png using Guid(b5dd30abcb6739642bb61568c4105da5) Importer(815301076,1909f56bfc062723c751e8b465ee728b)  -> (artifact id: 'a6d675220c216cf12578b38753a52f00') in 0.016143 seconds
  Import took 0.018986 seconds .

========================================================================
Received Import Request.
  Time since last request: 0.224564 seconds.
  path: Assets/30PixelCharactersPack/Other/Circle.png
  artifactKey: Guid(f9f581e8ac36b8842b80be1947825d38) Importer(815301076,1909f56bfc062723c751e8b465ee728b)
Start importing Assets/30PixelCharactersPack/Other/Circle.png using Guid(f9f581e8ac36b8842b80be1947825d38) Importer(815301076,1909f56bfc062723c751e8b465ee728b)  -> (artifact id: '84bc14c4a6ace71ae75540a5a1048898') in 0.015564 seconds
  Import took 0.018713 seconds .

========================================================================
Received Import Request.
  Time since last request: 1.833168 seconds.
  path: Assets/Buildings/house_15.png
  artifactKey: Guid(c708ebcbbd466d6488de671e7d1196d6) Importer(815301076,1909f56bfc062723c751e8b465ee728b)
Start importing Assets/Buildings/house_15.png using Guid(c708ebcbbd466d6488de671e7d1196d6) Importer(815301076,1909f56bfc062723c751e8b465ee728b)  -> (artifact id: 'a05a0f05f0bc51081199cf4836eb05c8') in 0.011121 seconds
  Import took 0.014133 seconds .

========================================================================
Received Import Request.
  Time since last request: 0.000125 seconds.
  path: Assets/Buildings/house_17.png
  artifactKey: Guid(f5c54b36842b71d47ac36a811df047e6) Importer(815301076,1909f56bfc062723c751e8b465ee728b)
Start importing Assets/Buildings/house_17.png using Guid(f5c54b36842b71d47ac36a811df047e6) Importer(815301076,1909f56bfc062723c751e8b465ee728b)  -> (artifact id: '9965cd577ad175d987026ed1d5349e08') in 0.012224 seconds
  Import took 0.014659 seconds .

========================================================================
Received Import Request.
  Time since last request: 0.000135 seconds.
  path: Assets/Buildings/house_16.png
  artifactKey: Guid(c824b78bf29bbd542abb8866d6986e1c) Importer(815301076,1909f56bfc062723c751e8b465ee728b)
Start importing Assets/Buildings/house_16.png using Guid(c824b78bf29bbd542abb8866d6986e1c) Importer(815301076,1909f56bfc062723c751e8b465ee728b)  -> (artifact id: '87c106b5283dd48114b91a7f7bc1f379') in 0.015071 seconds
  Import took 0.018035 seconds .

========================================================================
Received Import Request.
  Time since last request: 0.000132 seconds.
  path: Assets/Buildings/house_21.png
  artifactKey: Guid(f5710647ef93fff42af30f739fc1170b) Importer(815301076,1909f56bfc062723c751e8b465ee728b)
Start importing Assets/Buildings/house_21.png using Guid(f5710647ef93fff42af30f739fc1170b) Importer(815301076,1909f56bfc062723c751e8b465ee728b)  -> (artifact id: 'c50a2e40f5309b63085ab965baf8e0ee') in 0.014028 seconds
  Import took 0.016424 seconds .

========================================================================
Received Import Request.
  Time since last request: 0.000126 seconds.
  path: Assets/Buildings/house_19.png
  artifactKey: Guid(6f0a90b868150c149a1f7b24a20513be) Importer(815301076,1909f56bfc062723c751e8b465ee728b)
Start importing Assets/Buildings/house_19.png using Guid(6f0a90b868150c149a1f7b24a20513be) Importer(815301076,1909f56bfc062723c751e8b465ee728b)  -> (artifact id: '20024bcd0458da1fd4316527c60bdab2') in 0.014901 seconds
  Import took 0.017349 seconds .

========================================================================
Received Import Request.
  Time since last request: 0.000125 seconds.
  path: Assets/Buildings/house_18.png
  artifactKey: Guid(ef771b69aa5e6a342a80d87a593466a6) Importer(815301076,1909f56bfc062723c751e8b465ee728b)
Start importing Assets/Buildings/house_18.png using Guid(ef771b69aa5e6a342a80d87a593466a6) Importer(815301076,1909f56bfc062723c751e8b465ee728b)  -> (artifact id: 'ca1f46904906bad19a7bba47548252b0') in 0.023128 seconds
  Import took 0.025636 seconds .

========================================================================
Received Import Request.
  Time since last request: 0.000158 seconds.
  path: Assets/Buildings/house_22.png
  artifactKey: Guid(79f80aeec4d4c0f46a4822dead29d96d) Importer(815301076,1909f56bfc062723c751e8b465ee728b)
Start importing Assets/Buildings/house_22.png using Guid(79f80aeec4d4c0f46a4822dead29d96d) Importer(815301076,1909f56bfc062723c751e8b465ee728b)  -> (artifact id: '4c11b2a99e818e5e22a104d31757adbb') in 0.015664 seconds
  Import took 0.018696 seconds .

========================================================================
Received Import Request.
  Time since last request: 0.000138 seconds.
  path: Assets/Buildings/house_20.png
  artifactKey: Guid(c2452aa6bc80d7f4f8eb470fa0687b04) Importer(815301076,1909f56bfc062723c751e8b465ee728b)
Start importing Assets/Buildings/house_20.png using Guid(c2452aa6bc80d7f4f8eb470fa0687b04) Importer(815301076,1909f56bfc062723c751e8b465ee728b)  -> (artifact id: 'dfeb905da735142ad9aa4883b31f587a') in 0.018213 seconds
  Import took 0.020950 seconds .

========================================================================
Received Import Request.
  Time since last request: 0.735930 seconds.
  path: Assets/Buildings/library.png
  artifactKey: Guid(a3c69ccaaf557e74abf6d9a708ca7915) Importer(815301076,1909f56bfc062723c751e8b465ee728b)
Start importing Assets/Buildings/library.png using Guid(a3c69ccaaf557e74abf6d9a708ca7915) Importer(815301076,1909f56bfc062723c751e8b465ee728b)  -> (artifact id: '203d07bd469b6f1526b25a6e17eafecc') in 0.010852 seconds
  Import took 0.013709 seconds .

========================================================================
Received Import Request.
  Time since last request: 0.557279 seconds.
  path: Assets/Buildings/house_24.png
  artifactKey: Guid(e7eccc215caca40438fe95f1736edea6) Importer(815301076,1909f56bfc062723c751e8b465ee728b)
Start importing Assets/Buildings/house_24.png using Guid(e7eccc215caca40438fe95f1736edea6) Importer(815301076,1909f56bfc062723c751e8b465ee728b)  -> (artifact id: 'baca098bb136656b7458c95e4a487f25') in 0.011122 seconds
  Import took 0.013906 seconds .

========================================================================
Received Import Request.
  Time since last request: 0.000176 seconds.
  path: Assets/Buildings/house_28.png
  artifactKey: Guid(359f5b87506e90049954f5a09e3c666d) Importer(815301076,1909f56bfc062723c751e8b465ee728b)
Start importing Assets/Buildings/house_28.png using Guid(359f5b87506e90049954f5a09e3c666d) Importer(815301076,1909f56bfc062723c751e8b465ee728b)  -> (artifact id: '3b1ac86111e8c39c7f4365e82e0c75ea') in 0.011000 seconds
  Import took 0.013353 seconds .

========================================================================
Received Import Request.
  Time since last request: 0.000152 seconds.
  path: Assets/Buildings/house_26.png
  artifactKey: Guid(69fc45a0d8b58644c945b8d773ad42d7) Importer(815301076,1909f56bfc062723c751e8b465ee728b)
Start importing Assets/Buildings/house_26.png using Guid(69fc45a0d8b58644c945b8d773ad42d7) Importer(815301076,1909f56bfc062723c751e8b465ee728b)  -> (artifact id: '50fe42ab5d7e9683980dc9340b53e20e') in 0.010458 seconds
  Import took 0.012967 seconds .

========================================================================
Received Import Request.
  Time since last request: 0.000130 seconds.
  path: Assets/Buildings/house_29.png
  artifactKey: Guid(3456af87f5ddb95419f1c9aa5a883cc6) Importer(815301076,1909f56bfc062723c751e8b465ee728b)
Start importing Assets/Buildings/house_29.png using Guid(3456af87f5ddb95419f1c9aa5a883cc6) Importer(815301076,1909f56bfc062723c751e8b465ee728b)  -> (artifact id: '678b6b6dabba2f7aa516eadeb4dce390') in 0.009839 seconds
  Import took 0.012385 seconds .

========================================================================
Received Import Request.
  Time since last request: 0.000124 seconds.
  path: Assets/Buildings/house_30.png
  artifactKey: Guid(09209ee182aa641448ebadce902efe66) Importer(815301076,1909f56bfc062723c751e8b465ee728b)
Start importing Assets/Buildings/house_30.png using Guid(09209ee182aa641448ebadce902efe66) Importer(815301076,1909f56bfc062723c751e8b465ee728b)  -> (artifact id: 'fd269a7f0ecca12257dd2a0491cbd248') in 0.009947 seconds
  Import took 0.012406 seconds .

========================================================================
Received Import Request.
  Time since last request: 0.000126 seconds.
  path: Assets/Buildings/house_25.png
  artifactKey: Guid(fc3edac287da7ac4688fcf2f228d6e0e) Importer(815301076,1909f56bfc062723c751e8b465ee728b)
Start importing Assets/Buildings/house_25.png using Guid(fc3edac287da7ac4688fcf2f228d6e0e) Importer(815301076,1909f56bfc062723c751e8b465ee728b)  -> (artifact id: 'cf8b82a34d0adb868ef8bf9508deb410') in 0.010278 seconds
  Import took 0.012683 seconds .

========================================================================
Received Import Request.
  Time since last request: 0.000118 seconds.
  path: Assets/Buildings/house_27.png
  artifactKey: Guid(6aa112b811d64c6418d41d3386a2e216) Importer(815301076,1909f56bfc062723c751e8b465ee728b)
Start importing Assets/Buildings/house_27.png using Guid(6aa112b811d64c6418d41d3386a2e216) Importer(815301076,1909f56bfc062723c751e8b465ee728b)  -> (artifact id: '083d9e8b2a80e67cd46234f8f324e24c') in 0.010608 seconds
  Import took 0.013030 seconds .

========================================================================
Received Import Request.
  Time since last request: 61.338880 seconds.
  path: Assets/30PixelCharactersPack/Characters/Magician/magician 1.prefab
  artifactKey: Guid(f0120cbc671064f45af114eae6275f55) Importer(815301076,1909f56bfc062723c751e8b465ee728b)
Start importing Assets/30PixelCharactersPack/Characters/Magician/magician 1.prefab using Guid(f0120cbc671064f45af114eae6275f55) Importer(815301076,1909f56bfc062723c751e8b465ee728b)  -> (artifact id: '0c51ef2a423fa4da36bbdc59d927ad19') in 0.010785 seconds
  Import took 0.013795 seconds .

========================================================================
Received Import Request.
  Time since last request: 0.001179 seconds.
  path: Assets/30PixelCharactersPack/Characters/Magician/magician 1.prefab
  artifactKey: Guid(f0120cbc671064f45af114eae6275f55) Importer(815301076,1909f56bfc062723c751e8b465ee728b)
Start importing Assets/30PixelCharactersPack/Characters/Magician/magician 1.prefab using Guid(f0120cbc671064f45af114eae6275f55) Importer(815301076,1909f56bfc062723c751e8b465ee728b)  -> (artifact id: '0c51ef2a423fa4da36bbdc59d927ad19') in 0.015266 seconds
  Import took 0.018187 seconds .

========================================================================
Received Import Request.
  Time since last request: 107.956112 seconds.
  path: Assets/30PixelCharactersPack/Characters/Magician/magician.png
  artifactKey: Guid(66e73f66d0870364fbf50a9a7527f355) Importer(815301076,1909f56bfc062723c751e8b465ee728b)
Start importing Assets/30PixelCharactersPack/Characters/Magician/magician.png using Guid(66e73f66d0870364fbf50a9a7527f355) Importer(815301076,1909f56bfc062723c751e8b465ee728b)  -> (artifact id: '57c327249b857cba7da59a40e4eac67d') in 0.021135 seconds
  Import took 0.023937 seconds .

========================================================================
Received Import Request.
  Time since last request: 28.893404 seconds.
  path: Assets/30PixelCharactersPack/Characters/Magician/magician.png
  artifactKey: Guid(66e73f66d0870364fbf50a9a7527f355) Importer(815301076,1909f56bfc062723c751e8b465ee728b)
Start importing Assets/30PixelCharactersPack/Characters/Magician/magician.png using Guid(66e73f66d0870364fbf50a9a7527f355) Importer(815301076,1909f56bfc062723c751e8b465ee728b)  -> (artifact id: '1350e39d52e4b34af1c640c72ddac311') in 0.024174 seconds
  Import took 0.027038 seconds .

========================================================================
Received Import Request.
  Time since last request: 69.291895 seconds.
  path: Assets/30PixelCharactersPack/Characters/Magician/magician.png
  artifactKey: Guid(66e73f66d0870364fbf50a9a7527f355) Importer(815301076,1909f56bfc062723c751e8b465ee728b)
Start importing Assets/30PixelCharactersPack/Characters/Magician/magician.png using Guid(66e73f66d0870364fbf50a9a7527f355) Importer(815301076,1909f56bfc062723c751e8b465ee728b)  -> (artifact id: '68c90b1489067e8eb595b86b5b8f2792') in 0.017326 seconds
  Import took 0.020048 seconds .

========================================================================
Received Import Request.
  Time since last request: 40.740295 seconds.
  path: Assets/30PixelCharactersPack/Characters/Magician/magician.png
  artifactKey: Guid(66e73f66d0870364fbf50a9a7527f355) Importer(815301076,1909f56bfc062723c751e8b465ee728b)
Start importing Assets/30PixelCharactersPack/Characters/Magician/magician.png using Guid(66e73f66d0870364fbf50a9a7527f355) Importer(815301076,1909f56bfc062723c751e8b465ee728b)  -> (artifact id: 'c42e20dd186f62021a2fbae1cf1d43c3') in 0.015095 seconds
  Import took 0.018304 seconds .

========================================================================
Received Import Request.
  Time since last request: 9.505610 seconds.
  path: Assets/30PixelCharactersPack/Characters/Magician/magician.png
  artifactKey: Guid(66e73f66d0870364fbf50a9a7527f355) Importer(815301076,1909f56bfc062723c751e8b465ee728b)
Start importing Assets/30PixelCharactersPack/Characters/Magician/magician.png using Guid(66e73f66d0870364fbf50a9a7527f355) Importer(815301076,1909f56bfc062723c751e8b465ee728b)  -> (artifact id: 'ceb3741aaceaa4a99304c771e2aa3f86') in 0.011845 seconds
  Import took 0.014405 seconds .

========================================================================
Received Import Request.
  Time since last request: 315.913843 seconds.
  path: Assets/30PixelCharactersPack/Characters/Magician/magician.png
  artifactKey: Guid(66e73f66d0870364fbf50a9a7527f355) Importer(815301076,1909f56bfc062723c751e8b465ee728b)
Start importing Assets/30PixelCharactersPack/Characters/Magician/magician.png using Guid(66e73f66d0870364fbf50a9a7527f355) Importer(815301076,1909f56bfc062723c751e8b465ee728b)  -> (artifact id: 'b588215c69fbb5547e5380aba097f6ad') in 0.026184 seconds
  Import took 0.028888 seconds .

========================================================================
Received Import Request.
  Time since last request: 21.665422 seconds.
  path: Assets/30PixelCharactersPack/Characters/Magician/magician.png
  artifactKey: Guid(66e73f66d0870364fbf50a9a7527f355) Importer(815301076,1909f56bfc062723c751e8b465ee728b)
Start importing Assets/30PixelCharactersPack/Characters/Magician/magician.png using Guid(66e73f66d0870364fbf50a9a7527f355) Importer(815301076,1909f56bfc062723c751e8b465ee728b)  -> (artifact id: '027d07748e9d9dd0066a2b7c73f1bb52') in 0.037771 seconds
  Import took 0.040340 seconds .

========================================================================
Received Import Request.
  Time since last request: 7.945165 seconds.
  path: Assets/30PixelCharactersPack/Characters/Magician/magician.png
  artifactKey: Guid(66e73f66d0870364fbf50a9a7527f355) Importer(815301076,1909f56bfc062723c751e8b465ee728b)
Start importing Assets/30PixelCharactersPack/Characters/Magician/magician.png using Guid(66e73f66d0870364fbf50a9a7527f355) Importer(815301076,1909f56bfc062723c751e8b465ee728b)  -> (artifact id: '902210598b7f0ced7103ebc03f896a49') in 0.013004 seconds
  Import took 0.015906 seconds .

========================================================================
Received Import Request.
  Time since last request: 6.920744 seconds.
  path: Assets/30PixelCharactersPack/Characters/Magician/magician.png
  artifactKey: Guid(66e73f66d0870364fbf50a9a7527f355) Importer(815301076,1909f56bfc062723c751e8b465ee728b)
Start importing Assets/30PixelCharactersPack/Characters/Magician/magician.png using Guid(66e73f66d0870364fbf50a9a7527f355) Importer(815301076,1909f56bfc062723c751e8b465ee728b)  -> (artifact id: 'fb6c47235955115ca449d18c769f9b92') in 0.011794 seconds
  Import took 0.014383 seconds .

========================================================================
Received Import Request.
  Time since last request: 8.712193 seconds.
  path: Assets/30PixelCharactersPack/Characters/Magician/magician.png
  artifactKey: Guid(66e73f66d0870364fbf50a9a7527f355) Importer(815301076,1909f56bfc062723c751e8b465ee728b)
Start importing Assets/30PixelCharactersPack/Characters/Magician/magician.png using Guid(66e73f66d0870364fbf50a9a7527f355) Importer(815301076,1909f56bfc062723c751e8b465ee728b)  -> (artifact id: 'fb414552387872e5fc902ef3e568ff06') in 0.022481 seconds
  Import took 0.025265 seconds .

========================================================================
Received Prepare
Registering precompiled user dll's ...
Registered in 0.002572 seconds.
Begin MonoManager ReloadAssembly
Native extension for WindowsStandalone target not found
Refreshing native plugins compatible for Editor in 0.52 ms, found 1 plugins.
Preloading 0 native plugins for Editor in 0.00 ms.
Mono: successfully reloaded assembly
- Completed reload, in  0.823 seconds
Platform modules already initialized, skipping
Refreshing native plugins compatible for Editor in 0.47 ms, found 1 plugins.
Preloading 0 native plugins for Editor in 0.00 ms.
Unloading 1812 Unused Serialized files (Serialized files now loaded: 0)
System memory in use before: 89.3 MB.
System memory in use after: 89.3 MB.

Unloading 12 unused Assets to reduce memory usage. Loaded Objects now: 2281.
Total: 1.931800 ms (FindLiveObjects: 0.204100 ms CreateObjectMapping: 0.060800 ms MarkObjects: 1.538600 ms  DeleteObjects: 0.127600 ms)

========================================================================
Received Prepare
Registering precompiled user dll's ...
Registered in 0.002316 seconds.
Begin MonoManager ReloadAssembly
Native extension for WindowsStandalone target not found
Refreshing native plugins compatible for Editor in 0.77 ms, found 1 plugins.
Preloading 0 native plugins for Editor in 0.00 ms.
Mono: successfully reloaded assembly
- Completed reload, in  0.822 seconds
Platform modules already initialized, skipping
Refreshing native plugins compatible for Editor in 0.47 ms, found 1 plugins.
Preloading 0 native plugins for Editor in 0.00 ms.
Unloading 1812 Unused Serialized files (Serialized files now loaded: 0)
System memory in use before: 89.3 MB.
System memory in use after: 89.3 MB.

Unloading 12 unused Assets to reduce memory usage. Loaded Objects now: 2285.
Total: 1.722000 ms (FindLiveObjects: 0.222400 ms CreateObjectMapping: 0.107700 ms MarkObjects: 1.259600 ms  DeleteObjects: 0.131800 ms)

========================================================================
Received Import Request.
  Time since last request: 354.028481 seconds.
  path: Assets/30PixelCharactersPack/Characters/Farmer/farmer.png
  artifactKey: Guid(99a49409db0010f438daf2dc9b692d57) Importer(815301076,1909f56bfc062723c751e8b465ee728b)
Start importing Assets/30PixelCharactersPack/Characters/Farmer/farmer.png using Guid(99a49409db0010f438daf2dc9b692d57) Importer(815301076,1909f56bfc062723c751e8b465ee728b)  -> (artifact id: '78fa920386506ed457e03b080b6bb065') in 0.028256 seconds
  Import took 0.031260 seconds .

========================================================================
Received Import Request.
  Time since last request: 8.180415 seconds.
  path: Assets/30PixelCharactersPack/Characters/Farmer/farmer.png
  artifactKey: Guid(99a49409db0010f438daf2dc9b692d57) Importer(815301076,1909f56bfc062723c751e8b465ee728b)
Start importing Assets/30PixelCharactersPack/Characters/Farmer/farmer.png using Guid(99a49409db0010f438daf2dc9b692d57) Importer(815301076,1909f56bfc062723c751e8b465ee728b)  -> (artifact id: 'd7cba75038272457c9bd3aa1423c0a70') in 0.032036 seconds
  Import took 0.034977 seconds .

========================================================================
Received Import Request.
  Time since last request: 78.095441 seconds.
  path: Assets/30PixelCharactersPack/Characters/Queen/queen.png
  artifactKey: Guid(369e0e8224f669e418798c70cd4b2a27) Importer(815301076,1909f56bfc062723c751e8b465ee728b)
Start importing Assets/30PixelCharactersPack/Characters/Queen/queen.png using Guid(369e0e8224f669e418798c70cd4b2a27) Importer(815301076,1909f56bfc062723c751e8b465ee728b)  -> (artifact id: 'b86fcfe1b596dec5eea6dcee40fdc288') in 0.010916 seconds
  Import took 0.013576 seconds .

========================================================================
Received Import Request.
  Time since last request: 8.625238 seconds.
  path: Assets/30PixelCharactersPack/Characters/Queen/queen.png
  artifactKey: Guid(369e0e8224f669e418798c70cd4b2a27) Importer(815301076,1909f56bfc062723c751e8b465ee728b)
Start importing Assets/30PixelCharactersPack/Characters/Queen/queen.png using Guid(369e0e8224f669e418798c70cd4b2a27) Importer(815301076,1909f56bfc062723c751e8b465ee728b)  -> (artifact id: '31123238a46d35d1f7b032e0c4aae240') in 0.034477 seconds
  Import took 0.036974 seconds .

========================================================================
Received Import Request.
  Time since last request: 94.661926 seconds.
  path: Assets/30PixelCharactersPack/Characters/Witch/witch.png
  artifactKey: Guid(63de615d8810cb44ca613dfb68fad56d) Importer(815301076,1909f56bfc062723c751e8b465ee728b)
Start importing Assets/30PixelCharactersPack/Characters/Witch/witch.png using Guid(63de615d8810cb44ca613dfb68fad56d) Importer(815301076,1909f56bfc062723c751e8b465ee728b)  -> (artifact id: '51297ce9f17aae659c14abed4eb5ef70') in 0.012216 seconds
  Import took 0.015877 seconds .

========================================================================
Received Import Request.
  Time since last request: 5.923515 seconds.
  path: Assets/30PixelCharactersPack/Characters/Witch/witch.png
  artifactKey: Guid(63de615d8810cb44ca613dfb68fad56d) Importer(815301076,1909f56bfc062723c751e8b465ee728b)
Start importing Assets/30PixelCharactersPack/Characters/Witch/witch.png using Guid(63de615d8810cb44ca613dfb68fad56d) Importer(815301076,1909f56bfc062723c751e8b465ee728b)  -> (artifact id: 'e82cf97078f09b0291c186dccc1764fb') in 0.033471 seconds
  Import took 0.036095 seconds .

========================================================================
Received Import Request.
  Time since last request: 48.688579 seconds.
  path: Assets/30PixelCharactersPack/Characters/Scientist/scientist.png
  artifactKey: Guid(537248a1a03dda747a9b6ddd55e85761) Importer(815301076,1909f56bfc062723c751e8b465ee728b)
Start importing Assets/30PixelCharactersPack/Characters/Scientist/scientist.png using Guid(537248a1a03dda747a9b6ddd55e85761) Importer(815301076,1909f56bfc062723c751e8b465ee728b)  -> (artifact id: '2367ffb839c285293a8f149a1c6d671a') in 0.013130 seconds
  Import took 0.015639 seconds .

========================================================================
Received Import Request.
  Time since last request: 4.671370 seconds.
  path: Assets/30PixelCharactersPack/Characters/Scientist/scientist.png
  artifactKey: Guid(537248a1a03dda747a9b6ddd55e85761) Importer(815301076,1909f56bfc062723c751e8b465ee728b)
Start importing Assets/30PixelCharactersPack/Characters/Scientist/scientist.png using Guid(537248a1a03dda747a9b6ddd55e85761) Importer(815301076,1909f56bfc062723c751e8b465ee728b)  -> (artifact id: 'f82c59937c8939a88f97320dd8c522e7') in 0.025621 seconds
  Import took 0.028899 seconds .

========================================================================
Received Import Request.
  Time since last request: 43.383724 seconds.
  path: Assets/30PixelCharactersPack/Characters/King/king.png
  artifactKey: Guid(0f274e94c7aa19c4fb7594534efd2b29) Importer(815301076,1909f56bfc062723c751e8b465ee728b)
Start importing Assets/30PixelCharactersPack/Characters/King/king.png using Guid(0f274e94c7aa19c4fb7594534efd2b29) Importer(815301076,1909f56bfc062723c751e8b465ee728b)  -> (artifact id: '5e91eb84f967484e44e82d73fc4b7a95') in 0.009632 seconds
  Import took 0.012358 seconds .

========================================================================
Received Import Request.
  Time since last request: 0.001351 seconds.
  path: Assets/30PixelCharactersPack/Characters/King/king.png
  artifactKey: Guid(0f274e94c7aa19c4fb7594534efd2b29) Importer(815301076,1909f56bfc062723c751e8b465ee728b)
Start importing Assets/30PixelCharactersPack/Characters/King/king.png using Guid(0f274e94c7aa19c4fb7594534efd2b29) Importer(815301076,1909f56bfc062723c751e8b465ee728b)  -> (artifact id: '5e91eb84f967484e44e82d73fc4b7a95') in 0.008198 seconds
  Import took 0.011023 seconds .

========================================================================
Received Import Request.
  Time since last request: 4.440311 seconds.
  path: Assets/30PixelCharactersPack/Characters/King/king.png
  artifactKey: Guid(0f274e94c7aa19c4fb7594534efd2b29) Importer(815301076,1909f56bfc062723c751e8b465ee728b)
Start importing Assets/30PixelCharactersPack/Characters/King/king.png using Guid(0f274e94c7aa19c4fb7594534efd2b29) Importer(815301076,1909f56bfc062723c751e8b465ee728b)  -> (artifact id: 'a104638bf2bca7ad846fb91230a790d5') in 0.028495 seconds
  Import took 0.031174 seconds .

========================================================================
Received Prepare
Registering precompiled user dll's ...
Registered in 0.002884 seconds.
Begin MonoManager ReloadAssembly
Native extension for WindowsStandalone target not found
Refreshing native plugins compatible for Editor in 0.50 ms, found 1 plugins.
Preloading 0 native plugins for Editor in 0.00 ms.
Mono: successfully reloaded assembly
- Completed reload, in  0.853 seconds
Platform modules already initialized, skipping
Refreshing native plugins compatible for Editor in 0.47 ms, found 1 plugins.
Preloading 0 native plugins for Editor in 0.00 ms.
Unloading 1812 Unused Serialized files (Serialized files now loaded: 0)
System memory in use before: 89.6 MB.
System memory in use after: 89.5 MB.

Unloading 12 unused Assets to reduce memory usage. Loaded Objects now: 2290.
Total: 1.828200 ms (FindLiveObjects: 0.244700 ms CreateObjectMapping: 0.083200 ms MarkObjects: 1.375400 ms  DeleteObjects: 0.123700 ms)

========================================================================
Received Import Request.
  Time since last request: 245.948891 seconds.
  path: Assets/30PixelCharactersPack/Characters/Devil/devil.png
  artifactKey: Guid(0e064da2eaf472d46942dc388caf619c) Importer(815301076,1909f56bfc062723c751e8b465ee728b)
Start importing Assets/30PixelCharactersPack/Characters/Devil/devil.png using Guid(0e064da2eaf472d46942dc388caf619c) Importer(815301076,1909f56bfc062723c751e8b465ee728b)  -> (artifact id: 'cf89a4902315feaa94e41dd61d490ad2') in 0.039737 seconds
  Import took 0.042697 seconds .

========================================================================
Received Import Request.
  Time since last request: 8.758804 seconds.
  path: Assets/30PixelCharactersPack/Characters/Devil/devil.png
  artifactKey: Guid(0e064da2eaf472d46942dc388caf619c) Importer(815301076,1909f56bfc062723c751e8b465ee728b)
Start importing Assets/30PixelCharactersPack/Characters/Devil/devil.png using Guid(0e064da2eaf472d46942dc388caf619c) Importer(815301076,1909f56bfc062723c751e8b465ee728b)  -> (artifact id: '1fcc49cafa0682a5ad6ad01154a9387a') in 0.040298 seconds
  Import took 0.043273 seconds .

========================================================================
Received Import Request.
  Time since last request: 34.948024 seconds.
  path: Assets/30PixelCharactersPack/Characters/Vampire/vampire.png
  artifactKey: Guid(0665cf37d91f5b140af439f74e7283d8) Importer(815301076,1909f56bfc062723c751e8b465ee728b)
Start importing Assets/30PixelCharactersPack/Characters/Vampire/vampire.png using Guid(0665cf37d91f5b140af439f74e7283d8) Importer(815301076,1909f56bfc062723c751e8b465ee728b)  -> (artifact id: 'b394cc9ec1595432e7582378818a7888') in 0.020343 seconds
  Import took 0.023044 seconds .

========================================================================
Received Import Request.
  Time since last request: 5.134280 seconds.
  path: Assets/30PixelCharactersPack/Characters/Vampire/vampire.png
  artifactKey: Guid(0665cf37d91f5b140af439f74e7283d8) Importer(815301076,1909f56bfc062723c751e8b465ee728b)
Start importing Assets/30PixelCharactersPack/Characters/Vampire/vampire.png using Guid(0665cf37d91f5b140af439f74e7283d8) Importer(815301076,1909f56bfc062723c751e8b465ee728b)  -> (artifact id: 'b9be0c81e95b869aa7681c7b7a8624c3') in 0.013864 seconds
  Import took 0.016530 seconds .

========================================================================
Received Import Request.
  Time since last request: 25.480355 seconds.
  path: Assets/Scenes/Village.unity
  artifactKey: Guid(e8b044c5eb3d96d4083e3f82294d8fbd) Importer(815301076,1909f56bfc062723c751e8b465ee728b)
Start importing Assets/Scenes/Village.unity using Guid(e8b044c5eb3d96d4083e3f82294d8fbd) Importer(815301076,1909f56bfc062723c751e8b465ee728b)  -> (artifact id: '898185f373fe60dc57f2c817968b856b') in 0.005139 seconds
  Import took 0.008140 seconds .

========================================================================
Received Import Request.
  Time since last request: 0.000607 seconds.
  path: Assets/Scenes/Village.unity
  artifactKey: Guid(e8b044c5eb3d96d4083e3f82294d8fbd) Importer(815301076,1909f56bfc062723c751e8b465ee728b)
Start importing Assets/Scenes/Village.unity using Guid(e8b044c5eb3d96d4083e3f82294d8fbd) Importer(815301076,1909f56bfc062723c751e8b465ee728b)  -> (artifact id: '898185f373fe60dc57f2c817968b856b') in 0.003088 seconds
  Import took 0.005939 seconds .

========================================================================
Received Prepare
Registering precompiled user dll's ...
Registered in 0.002724 seconds.
Begin MonoManager ReloadAssembly
Native extension for WindowsStandalone target not found
Refreshing native plugins compatible for Editor in 0.46 ms, found 1 plugins.
Preloading 0 native plugins for Editor in 0.00 ms.
Mono: successfully reloaded assembly
- Completed reload, in  0.796 seconds
Platform modules already initialized, skipping
Refreshing native plugins compatible for Editor in 0.52 ms, found 1 plugins.
Preloading 0 native plugins for Editor in 0.00 ms.
Unloading 1812 Unused Serialized files (Serialized files now loaded: 0)
System memory in use before: 89.6 MB.
System memory in use after: 89.6 MB.

Unloading 12 unused Assets to reduce memory usage. Loaded Objects now: 2295.
Total: 1.716900 ms (FindLiveObjects: 0.169600 ms CreateObjectMapping: 0.056600 ms MarkObjects: 1.365700 ms  DeleteObjects: 0.124300 ms)

========================================================================
Received Import Request.
  Time since last request: 55.606928 seconds.
  path: Assets/Scenes/Forest_Field.unity
  artifactKey: Guid(afdfce52fe71c454891554c686463ad7) Importer(815301076,1909f56bfc062723c751e8b465ee728b)
Start importing Assets/Scenes/Forest_Field.unity using Guid(afdfce52fe71c454891554c686463ad7) Importer(815301076,1909f56bfc062723c751e8b465ee728b)  -> (artifact id: 'a00e5a57bcc024592ed682419625d670') in 0.012604 seconds
  Import took 0.015113 seconds .

========================================================================
Received Import Request.
  Time since last request: 0.555152 seconds.
  path: Assets/Scenes/Cliff.unity
  artifactKey: Guid(3b506f95b83fcd243835d8fbb587d73b) Importer(815301076,1909f56bfc062723c751e8b465ee728b)
Start importing Assets/Scenes/Cliff.unity using Guid(3b506f95b83fcd243835d8fbb587d73b) Importer(815301076,1909f56bfc062723c751e8b465ee728b)  -> (artifact id: '74f8604cbb693811b554da976b153239') in 0.005638 seconds
  Import took 0.008223 seconds .

========================================================================
Received Prepare
Registering precompiled user dll's ...
Registered in 0.002850 seconds.
Begin MonoManager ReloadAssembly
Native extension for WindowsStandalone target not found
Refreshing native plugins compatible for Editor in 0.46 ms, found 1 plugins.
Preloading 0 native plugins for Editor in 0.00 ms.
Mono: successfully reloaded assembly
- Completed reload, in  0.797 seconds
Platform modules already initialized, skipping
Refreshing native plugins compatible for Editor in 0.49 ms, found 1 plugins.
Preloading 0 native plugins for Editor in 0.00 ms.
Unloading 1812 Unused Serialized files (Serialized files now loaded: 0)
System memory in use before: 89.6 MB.
System memory in use after: 89.6 MB.

Unloading 12 unused Assets to reduce memory usage. Loaded Objects now: 2299.
Total: 2.155100 ms (FindLiveObjects: 0.208800 ms CreateObjectMapping: 0.148900 ms MarkObjects: 1.642900 ms  DeleteObjects: 0.153700 ms)

========================================================================
Received Prepare
Registering precompiled user dll's ...
Registered in 0.002637 seconds.
Begin MonoManager ReloadAssembly
Native extension for WindowsStandalone target not found
Refreshing native plugins compatible for Editor in 0.45 ms, found 1 plugins.
Preloading 0 native plugins for Editor in 0.00 ms.
Mono: successfully reloaded assembly
- Completed reload, in  0.772 seconds
Platform modules already initialized, skipping
Refreshing native plugins compatible for Editor in 0.49 ms, found 1 plugins.
Preloading 0 native plugins for Editor in 0.00 ms.
Unloading 1812 Unused Serialized files (Serialized files now loaded: 0)
System memory in use before: 89.6 MB.
System memory in use after: 89.6 MB.

Unloading 12 unused Assets to reduce memory usage. Loaded Objects now: 2303.
Total: 1.735900 ms (FindLiveObjects: 0.163500 ms CreateObjectMapping: 0.064700 ms MarkObjects: 1.374700 ms  DeleteObjects: 0.132200 ms)

========================================================================
Received Import Request.
  Time since last request: 184.006372 seconds.
  path: Assets/Scenes/Forest_Field.unity
  artifactKey: Guid(afdfce52fe71c454891554c686463ad7) Importer(815301076,1909f56bfc062723c751e8b465ee728b)
Start importing Assets/Scenes/Forest_Field.unity using Guid(afdfce52fe71c454891554c686463ad7) Importer(815301076,1909f56bfc062723c751e8b465ee728b)  -> (artifact id: '4412029ac2ae2e245cd8c18eb2585b39') in 0.012990 seconds
  Import took 0.015882 seconds .

========================================================================
Received Prepare
Registering precompiled user dll's ...
Registered in 0.002241 seconds.
Begin MonoManager ReloadAssembly
Native extension for WindowsStandalone target not found
Refreshing native plugins compatible for Editor in 0.44 ms, found 1 plugins.
Preloading 0 native plugins for Editor in 0.00 ms.
Mono: successfully reloaded assembly
- Completed reload, in  0.847 seconds
Platform modules already initialized, skipping
Refreshing native plugins compatible for Editor in 0.47 ms, found 1 plugins.
Preloading 0 native plugins for Editor in 0.00 ms.
Unloading 1812 Unused Serialized files (Serialized files now loaded: 0)
System memory in use before: 89.6 MB.
System memory in use after: 89.6 MB.

Unloading 12 unused Assets to reduce memory usage. Loaded Objects now: 2307.
Total: 1.860500 ms (FindLiveObjects: 0.211000 ms CreateObjectMapping: 0.134200 ms MarkObjects: 1.391700 ms  DeleteObjects: 0.122800 ms)

========================================================================
Received Prepare
Registering precompiled user dll's ...
Registered in 0.002227 seconds.
Begin MonoManager ReloadAssembly
Native extension for WindowsStandalone target not found
Refreshing native plugins compatible for Editor in 0.46 ms, found 1 plugins.
Preloading 0 native plugins for Editor in 0.00 ms.
Mono: successfully reloaded assembly
- Completed reload, in  0.799 seconds
Platform modules already initialized, skipping
Refreshing native plugins compatible for Editor in 0.49 ms, found 1 plugins.
Preloading 0 native plugins for Editor in 0.00 ms.
Unloading 1812 Unused Serialized files (Serialized files now loaded: 0)
System memory in use before: 89.6 MB.
System memory in use after: 89.6 MB.

Unloading 12 unused Assets to reduce memory usage. Loaded Objects now: 2311.
Total: 2.051400 ms (FindLiveObjects: 0.339300 ms CreateObjectMapping: 0.080200 ms MarkObjects: 1.497200 ms  DeleteObjects: 0.133900 ms)

========================================================================
Received Prepare
Registering precompiled user dll's ...
Registered in 0.003146 seconds.
Begin MonoManager ReloadAssembly
Native extension for WindowsStandalone target not found
Refreshing native plugins compatible for Editor in 0.46 ms, found 1 plugins.
Preloading 0 native plugins for Editor in 0.00 ms.
Mono: successfully reloaded assembly
- Completed reload, in  0.780 seconds
Platform modules already initialized, skipping
Refreshing native plugins compatible for Editor in 0.49 ms, found 1 plugins.
Preloading 0 native plugins for Editor in 0.00 ms.
Unloading 1812 Unused Serialized files (Serialized files now loaded: 0)
System memory in use before: 89.7 MB.
System memory in use after: 89.6 MB.

Unloading 12 unused Assets to reduce memory usage. Loaded Objects now: 2315.
Total: 1.789600 ms (FindLiveObjects: 0.209400 ms CreateObjectMapping: 0.064400 ms MarkObjects: 1.375800 ms  DeleteObjects: 0.139200 ms)

========================================================================
Received Prepare
Registering precompiled user dll's ...
Registered in 0.002312 seconds.
Begin MonoManager ReloadAssembly
Native extension for WindowsStandalone target not found
Refreshing native plugins compatible for Editor in 0.48 ms, found 1 plugins.
Preloading 0 native plugins for Editor in 0.00 ms.
Mono: successfully reloaded assembly
- Completed reload, in  0.796 seconds
Platform modules already initialized, skipping
Refreshing native plugins compatible for Editor in 0.48 ms, found 1 plugins.
Preloading 0 native plugins for Editor in 0.00 ms.
Unloading 1812 Unused Serialized files (Serialized files now loaded: 0)
System memory in use before: 89.7 MB.
System memory in use after: 89.6 MB.

Unloading 12 unused Assets to reduce memory usage. Loaded Objects now: 2319.
Total: 1.996400 ms (FindLiveObjects: 0.319000 ms CreateObjectMapping: 0.176200 ms MarkObjects: 1.407500 ms  DeleteObjects: 0.092800 ms)

========================================================================
Received Prepare
Registering precompiled user dll's ...
Registered in 0.002802 seconds.
Begin MonoManager ReloadAssembly
Native extension for WindowsStandalone target not found
Refreshing native plugins compatible for Editor in 0.55 ms, found 1 plugins.
Preloading 0 native plugins for Editor in 0.00 ms.
Mono: successfully reloaded assembly
- Completed reload, in  0.794 seconds
Platform modules already initialized, skipping
Refreshing native plugins compatible for Editor in 0.51 ms, found 1 plugins.
Preloading 0 native plugins for Editor in 0.00 ms.
Unloading 1812 Unused Serialized files (Serialized files now loaded: 0)
System memory in use before: 89.7 MB.
System memory in use after: 89.6 MB.

Unloading 12 unused Assets to reduce memory usage. Loaded Objects now: 2323.
Total: 1.778600 ms (FindLiveObjects: 0.176900 ms CreateObjectMapping: 0.072400 ms MarkObjects: 1.428100 ms  DeleteObjects: 0.100100 ms)

========================================================================
Received Prepare
Registering precompiled user dll's ...
Registered in 0.003005 seconds.
Begin MonoManager ReloadAssembly
Native extension for WindowsStandalone target not found
Refreshing native plugins compatible for Editor in 0.51 ms, found 1 plugins.
Preloading 0 native plugins for Editor in 0.00 ms.
Mono: successfully reloaded assembly
- Completed reload, in  0.798 seconds
Platform modules already initialized, skipping
Refreshing native plugins compatible for Editor in 0.49 ms, found 1 plugins.
Preloading 0 native plugins for Editor in 0.00 ms.
Unloading 1812 Unused Serialized files (Serialized files now loaded: 0)
System memory in use before: 89.7 MB.
System memory in use after: 89.7 MB.

Unloading 12 unused Assets to reduce memory usage. Loaded Objects now: 2327.
Total: 1.958200 ms (FindLiveObjects: 0.262900 ms CreateObjectMapping: 0.113500 ms MarkObjects: 1.482300 ms  DeleteObjects: 0.098300 ms)

========================================================================
Received Prepare
Registering precompiled user dll's ...
Registered in 0.002587 seconds.
Begin MonoManager ReloadAssembly
Native extension for WindowsStandalone target not found
Refreshing native plugins compatible for Editor in 0.52 ms, found 1 plugins.
Preloading 0 native plugins for Editor in 0.00 ms.
Mono: successfully reloaded assembly
- Completed reload, in  0.810 seconds
Platform modules already initialized, skipping
Refreshing native plugins compatible for Editor in 0.52 ms, found 1 plugins.
Preloading 0 native plugins for Editor in 0.00 ms.
Unloading 1812 Unused Serialized files (Serialized files now loaded: 0)
System memory in use before: 89.7 MB.
System memory in use after: 89.7 MB.

Unloading 12 unused Assets to reduce memory usage. Loaded Objects now: 2331.
Total: 1.996800 ms (FindLiveObjects: 0.245700 ms CreateObjectMapping: 0.075000 ms MarkObjects: 1.564500 ms  DeleteObjects: 0.110500 ms)

========================================================================
Received Prepare
Registering precompiled user dll's ...
Registered in 0.002450 seconds.
Begin MonoManager ReloadAssembly
Native extension for WindowsStandalone target not found
Refreshing native plugins compatible for Editor in 0.47 ms, found 1 plugins.
Preloading 0 native plugins for Editor in 0.00 ms.
Mono: successfully reloaded assembly
- Completed reload, in  0.811 seconds
Platform modules already initialized, skipping
Refreshing native plugins compatible for Editor in 0.52 ms, found 1 plugins.
Preloading 0 native plugins for Editor in 0.00 ms.
Unloading 1812 Unused Serialized files (Serialized files now loaded: 0)
System memory in use before: 89.7 MB.
System memory in use after: 89.7 MB.

Unloading 12 unused Assets to reduce memory usage. Loaded Objects now: 2335.
Total: 2.118600 ms (FindLiveObjects: 0.448100 ms CreateObjectMapping: 0.185500 ms MarkObjects: 1.392900 ms  DeleteObjects: 0.091300 ms)

========================================================================
Received Prepare
Registering precompiled user dll's ...
Registered in 0.002225 seconds.
Begin MonoManager ReloadAssembly
Native extension for WindowsStandalone target not found
Refreshing native plugins compatible for Editor in 0.46 ms, found 1 plugins.
Preloading 0 native plugins for Editor in 0.00 ms.
Mono: successfully reloaded assembly
- Completed reload, in  0.803 seconds
Platform modules already initialized, skipping
Refreshing native plugins compatible for Editor in 0.50 ms, found 1 plugins.
Preloading 0 native plugins for Editor in 0.00 ms.
Unloading 1812 Unused Serialized files (Serialized files now loaded: 0)
System memory in use before: 89.7 MB.
System memory in use after: 89.7 MB.

Unloading 12 unused Assets to reduce memory usage. Loaded Objects now: 2339.
Total: 1.824100 ms (FindLiveObjects: 0.211100 ms CreateObjectMapping: 0.062500 ms MarkObjects: 1.426400 ms  DeleteObjects: 0.123400 ms)

========================================================================
Received Prepare
Registering precompiled user dll's ...
Registered in 0.002546 seconds.
Begin MonoManager ReloadAssembly
Native extension for WindowsStandalone target not found
Refreshing native plugins compatible for Editor in 0.63 ms, found 1 plugins.
Preloading 0 native plugins for Editor in 0.00 ms.
Mono: successfully reloaded assembly
- Completed reload, in  1.087 seconds
Platform modules already initialized, skipping
Refreshing native plugins compatible for Editor in 0.69 ms, found 1 plugins.
Preloading 0 native plugins for Editor in 0.00 ms.
Unloading 1812 Unused Serialized files (Serialized files now loaded: 0)
System memory in use before: 89.7 MB.
System memory in use after: 89.7 MB.

Unloading 12 unused Assets to reduce memory usage. Loaded Objects now: 2343.
Total: 2.226600 ms (FindLiveObjects: 0.206100 ms CreateObjectMapping: 0.083600 ms MarkObjects: 1.837500 ms  DeleteObjects: 0.098500 ms)

========================================================================
Received Prepare
Registering precompiled user dll's ...
Registered in 0.003191 seconds.
Begin MonoManager ReloadAssembly
Native extension for WindowsStandalone target not found
Refreshing native plugins compatible for Editor in 0.54 ms, found 1 plugins.
Preloading 0 native plugins for Editor in 0.00 ms.
Mono: successfully reloaded assembly
- Completed reload, in  0.800 seconds
Platform modules already initialized, skipping
Refreshing native plugins compatible for Editor in 0.47 ms, found 1 plugins.
Preloading 0 native plugins for Editor in 0.00 ms.
Unloading 1812 Unused Serialized files (Serialized files now loaded: 0)
System memory in use before: 89.7 MB.
System memory in use after: 89.7 MB.

Unloading 12 unused Assets to reduce memory usage. Loaded Objects now: 2347.
Total: 1.752400 ms (FindLiveObjects: 0.165000 ms CreateObjectMapping: 0.054900 ms MarkObjects: 1.428200 ms  DeleteObjects: 0.103800 ms)

AssetImportWorkerClient::OnTransportError - code=2 error=End of file
