Using pre-set license
Built from '2020.3/release' branch; Version is '2020.3.7f1 (dd97f2c94397) revision 14522354'; Using compiler version '192528614'; Build Type 'Release'
OS: 'Windows 10 Home; OS build 19041.867; Version 2004; 64bit' Language: 'ko' Physical Memory: 16305 MB
BatchMode: 1, IsHumanControllingUs: 0, StartBugReporterOnCrash: 0, Is64bit: 1, IsPro: 0

 COMMAND LINE ARGUMENTS:
C:\Program Files\2020.3.7f1\Editor\Unity.exe
-adb2
-batchMode
-noUpm
-name
AssetImportWorker0
-projectPath
C:/Users/beth3/Documents/GitHub/SOLITY_WaitSomeleading/WaitSomeleading_Game
-logFile
Logs/AssetImportWorker0.log
-srvPort
62672
Successfully changed project path to: C:/Users/beth3/Documents/GitHub/SOLITY_WaitSomeleading/WaitSomeleading_Game
C:/Users/beth3/Documents/GitHub/SOLITY_WaitSomeleading/WaitSomeleading_Game
Using Asset Import Pipeline V2.
Refreshing native plugins compatible for Editor in 46.57 ms, found 1 plugins.
Preloading 0 native plugins for Editor in 0.00 ms.
Initialize engine version: 2020.3.7f1 (dd97f2c94397)
[Subsystems] Discovering subsystems at path C:/Program Files/2020.3.7f1/Editor/Data/Resources/UnitySubsystems
[Subsystems] Discovering subsystems at path C:/Users/beth3/Documents/GitHub/SOLITY_WaitSomeleading/WaitSomeleading_Game/Assets
GfxDevice: creating device client; threaded=0
Direct3D:
    Version:  Direct3D 11.0 [level 11.1]
    Renderer: NVIDIA GeForce RTX 2060 (ID=0x1f55)
    Vendor:   
    VRAM:     5980 MB
    Driver:   27.21.14.5167
Initialize mono
Mono path[0] = 'C:/Program Files/2020.3.7f1/Editor/Data/Managed'
Mono path[1] = 'C:/Program Files/2020.3.7f1/Editor/Data/MonoBleedingEdge/lib/mono/unityjit'
Mono config path = 'C:/Program Files/2020.3.7f1/Editor/Data/MonoBleedingEdge/etc'
Using monoOptions --debugger-agent=transport=dt_socket,embedding=1,server=y,suspend=n,address=127.0.0.1:56364
Begin MonoManager ReloadAssembly
Registering precompiled unity dll's ...
Register platform support module: C:/Program Files/2020.3.7f1/Editor/Data/PlaybackEngines/WindowsStandaloneSupport/UnityEditor.WindowsStandalone.Extensions.dll
Registered in 0.003317 seconds.
Native extension for WindowsStandalone target not found
Refreshing native plugins compatible for Editor in 45.61 ms, found 1 plugins.
Preloading 0 native plugins for Editor in 0.00 ms.
Mono: successfully reloaded assembly
- Completed reload, in  0.904 seconds
Platform modules already initialized, skipping
Registering precompiled user dll's ...
Registered in 0.002155 seconds.
Begin MonoManager ReloadAssembly
Native extension for WindowsStandalone target not found
Refreshing native plugins compatible for Editor in 52.75 ms, found 1 plugins.
Preloading 0 native plugins for Editor in 0.00 ms.
Mono: successfully reloaded assembly
- Completed reload, in  0.928 seconds
Platform modules already initialized, skipping
========================================================================
Worker process is ready to serve import requests
Launched and connected shader compiler UnityShaderCompiler.exe after 0.03 seconds
Refreshing native plugins compatible for Editor in 0.46 ms, found 1 plugins.
Preloading 0 native plugins for Editor in 0.00 ms.
Unloading 1823 Unused Serialized files (Serialized files now loaded: 0)
System memory in use before: 86.2 MB.
System memory in use after: 86.2 MB.

Unloading 22 unused Assets to reduce memory usage. Loaded Objects now: 2269.
Total: 1.879200 ms (FindLiveObjects: 0.176900 ms CreateObjectMapping: 0.108200 ms MarkObjects: 1.519900 ms  DeleteObjects: 0.073600 ms)

========================================================================
Received Prepare
Refreshing native plugins compatible for Editor in 3.89 ms, found 1 plugins.
Preloading 0 native plugins for Editor in 0.00 ms.
Unloading 9 Unused Serialized files (Serialized files now loaded: 0)
System memory in use before: 49.6 MB.
System memory in use after: 49.6 MB.

Unloading 9 unused Assets to reduce memory usage. Loaded Objects now: 2269.
Total: 1.909300 ms (FindLiveObjects: 0.211000 ms CreateObjectMapping: 0.141600 ms MarkObjects: 1.449700 ms  DeleteObjects: 0.106200 ms)

========================================================================
Received Import Request.
  path: Assets/Scenes/Village.unity
  artifactKey: Guid(e8b044c5eb3d96d4083e3f82294d8fbd) Importer(815301076,1909f56bfc062723c751e8b465ee728b)
Start importing Assets/Scenes/Village.unity using Guid(e8b044c5eb3d96d4083e3f82294d8fbd) Importer(815301076,1909f56bfc062723c751e8b465ee728b)  -> (artifact id: 'fef6b377376a55642df8dfe5c7626ddf') in 0.251827 seconds
  Import took 0.254156 seconds .

========================================================================
Received Prepare
Registering precompiled user dll's ...
Registered in 0.002199 seconds.
Begin MonoManager ReloadAssembly
Native extension for WindowsStandalone target not found
Refreshing native plugins compatible for Editor in 0.52 ms, found 1 plugins.
Preloading 0 native plugins for Editor in 0.00 ms.
Mono: successfully reloaded assembly
- Completed reload, in  0.828 seconds
Platform modules already initialized, skipping
Refreshing native plugins compatible for Editor in 0.49 ms, found 1 plugins.
Preloading 0 native plugins for Editor in 0.00 ms.
Unloading 1817 Unused Serialized files (Serialized files now loaded: 0)
System memory in use before: 86.1 MB.
System memory in use after: 86.1 MB.

Unloading 11 unused Assets to reduce memory usage. Loaded Objects now: 2273.
Total: 1.850400 ms (FindLiveObjects: 0.196400 ms CreateObjectMapping: 0.076800 ms MarkObjects: 1.501900 ms  DeleteObjects: 0.074200 ms)

========================================================================
Received Import Request.
  Time since last request: 94.498041 seconds.
  path: Assets/Script/CameraManager.cs
  artifactKey: Guid(933d0835a798b4d45942d38f69802228) Importer(815301076,1909f56bfc062723c751e8b465ee728b)
Start importing Assets/Script/CameraManager.cs using Guid(933d0835a798b4d45942d38f69802228) Importer(815301076,1909f56bfc062723c751e8b465ee728b)  -> (artifact id: '7827953d763b15c91206c32b059a0632') in 0.029691 seconds
  Import took 0.032970 seconds .

========================================================================
Received Import Request.
  Time since last request: 0.000265 seconds.
  path: Assets/Script/CameraManager.cs
  artifactKey: Guid(933d0835a798b4d45942d38f69802228) Importer(815301076,1909f56bfc062723c751e8b465ee728b)
Start importing Assets/Script/CameraManager.cs using Guid(933d0835a798b4d45942d38f69802228) Importer(815301076,1909f56bfc062723c751e8b465ee728b)  -> (artifact id: '7827953d763b15c91206c32b059a0632') in 0.003069 seconds
  Import took 0.005519 seconds .

========================================================================
Received Import Request.
  Time since last request: 1.217733 seconds.
  path: Assets/Script/Moving_Object.cs
  artifactKey: Guid(082aa74ab12b22844bdfde222e3c0580) Importer(815301076,1909f56bfc062723c751e8b465ee728b)
Start importing Assets/Script/Moving_Object.cs using Guid(082aa74ab12b22844bdfde222e3c0580) Importer(815301076,1909f56bfc062723c751e8b465ee728b)  -> (artifact id: 'c2569230620693dfbdb5bf4721de431f') in 0.004154 seconds
  Import took 0.006988 seconds .

========================================================================
Received Import Request.
  Time since last request: 0.497084 seconds.
  path: Assets/Script/StartPoint.cs
  artifactKey: Guid(cca7e3e571a9558418cbf2a63ef00821) Importer(815301076,1909f56bfc062723c751e8b465ee728b)
Start importing Assets/Script/StartPoint.cs using Guid(cca7e3e571a9558418cbf2a63ef00821) Importer(815301076,1909f56bfc062723c751e8b465ee728b)  -> (artifact id: '4e438ec7ddb0885c1a6e841e678e1a73') in 0.004141 seconds
  Import took 0.006576 seconds .

========================================================================
Received Import Request.
  Time since last request: 0.581487 seconds.
  path: Assets/Script/OrderManager.cs
  artifactKey: Guid(402c139a757f1cc4888d56caeee0abca) Importer(815301076,1909f56bfc062723c751e8b465ee728b)
Start importing Assets/Script/OrderManager.cs using Guid(402c139a757f1cc4888d56caeee0abca) Importer(815301076,1909f56bfc062723c751e8b465ee728b)  -> (artifact id: '9c55fa7f436c4defb2f1b14a69723500') in 0.003896 seconds
  Import took 0.006693 seconds .

========================================================================
Received Prepare
Registering precompiled user dll's ...
Registered in 0.002574 seconds.
Begin MonoManager ReloadAssembly
Native extension for WindowsStandalone target not found
Refreshing native plugins compatible for Editor in 0.60 ms, found 1 plugins.
Preloading 0 native plugins for Editor in 0.00 ms.
Mono: successfully reloaded assembly
- Completed reload, in  0.782 seconds
Platform modules already initialized, skipping
Refreshing native plugins compatible for Editor in 0.48 ms, found 1 plugins.
Preloading 0 native plugins for Editor in 0.00 ms.
Unloading 1817 Unused Serialized files (Serialized files now loaded: 0)
System memory in use before: 86.2 MB.
System memory in use after: 86.2 MB.

Unloading 11 unused Assets to reduce memory usage. Loaded Objects now: 2277.
Total: 2.388800 ms (FindLiveObjects: 0.178300 ms CreateObjectMapping: 0.181700 ms MarkObjects: 1.874600 ms  DeleteObjects: 0.153300 ms)

========================================================================
Received Import Request.
  Time since last request: 453.040480 seconds.
  path: Assets/Script/Mover.cs
  artifactKey: Guid(c7239287ca9f8694086def47bdb7c688) Importer(815301076,1909f56bfc062723c751e8b465ee728b)
Start importing Assets/Script/Mover.cs using Guid(c7239287ca9f8694086def47bdb7c688) Importer(815301076,1909f56bfc062723c751e8b465ee728b)  -> (artifact id: 'f409138400caf988deba1b7111c4b634') in 0.015182 seconds
  Import took 0.018065 seconds .

========================================================================
Received Import Request.
  Time since last request: 2.825382 seconds.
  path: Assets/Script/NPCDialogue.cs
  artifactKey: Guid(350c14d0697b9af42857c5773b5eb28e) Importer(815301076,1909f56bfc062723c751e8b465ee728b)
Start importing Assets/Script/NPCDialogue.cs using Guid(350c14d0697b9af42857c5773b5eb28e) Importer(815301076,1909f56bfc062723c751e8b465ee728b)  -> (artifact id: '42c77624a94b80f77eaa1517b74fce1e') in 0.004581 seconds
  Import took 0.006805 seconds .

========================================================================
Received Prepare
Registering precompiled user dll's ...
Registered in 0.002108 seconds.
Begin MonoManager ReloadAssembly
Native extension for WindowsStandalone target not found
Refreshing native plugins compatible for Editor in 0.49 ms, found 1 plugins.
Preloading 0 native plugins for Editor in 0.00 ms.
Mono: successfully reloaded assembly
- Completed reload, in  0.832 seconds
Platform modules already initialized, skipping
Refreshing native plugins compatible for Editor in 0.48 ms, found 1 plugins.
Preloading 0 native plugins for Editor in 0.00 ms.
Unloading 1817 Unused Serialized files (Serialized files now loaded: 0)
System memory in use before: 86.2 MB.
System memory in use after: 86.2 MB.

Unloading 11 unused Assets to reduce memory usage. Loaded Objects now: 2281.
Total: 1.766100 ms (FindLiveObjects: 0.211600 ms CreateObjectMapping: 0.059300 ms MarkObjects: 1.426800 ms  DeleteObjects: 0.067600 ms)

========================================================================
Received Import Request.
  Time since last request: 147.014970 seconds.
  path: Assets/Script/OrderManager.cs
  artifactKey: Guid(402c139a757f1cc4888d56caeee0abca) Importer(815301076,1909f56bfc062723c751e8b465ee728b)
Start importing Assets/Script/OrderManager.cs using Guid(402c139a757f1cc4888d56caeee0abca) Importer(815301076,1909f56bfc062723c751e8b465ee728b)  -> (artifact id: 'e1ccd78a4da56461e67708eecfd50a55') in 0.006419 seconds
  Import took 0.009151 seconds .

========================================================================
Received Import Request.
  Time since last request: 0.471610 seconds.
  path: Assets/Script/EventPoint3.cs
  artifactKey: Guid(a271b3f7137d0614a9a30990f65446c6) Importer(815301076,1909f56bfc062723c751e8b465ee728b)
Start importing Assets/Script/EventPoint3.cs using Guid(a271b3f7137d0614a9a30990f65446c6) Importer(815301076,1909f56bfc062723c751e8b465ee728b)  -> (artifact id: 'e28bf4d3e3a4db484160344e19ad7462') in 0.012360 seconds
  Import took 0.014956 seconds .

========================================================================
Received Prepare
Registering precompiled user dll's ...
Registered in 0.002615 seconds.
Begin MonoManager ReloadAssembly
Native extension for WindowsStandalone target not found
Refreshing native plugins compatible for Editor in 0.52 ms, found 1 plugins.
Preloading 0 native plugins for Editor in 0.00 ms.
Mono: successfully reloaded assembly
- Completed reload, in  0.824 seconds
Platform modules already initialized, skipping
Refreshing native plugins compatible for Editor in 0.48 ms, found 1 plugins.
Preloading 0 native plugins for Editor in 0.00 ms.
Unloading 1817 Unused Serialized files (Serialized files now loaded: 0)
System memory in use before: 86.2 MB.
System memory in use after: 86.2 MB.

Unloading 11 unused Assets to reduce memory usage. Loaded Objects now: 2285.
Total: 1.844900 ms (FindLiveObjects: 0.192600 ms CreateObjectMapping: 0.074000 ms MarkObjects: 1.489200 ms  DeleteObjects: 0.088400 ms)

========================================================================
Received Import Request.
  Time since last request: 182.170773 seconds.
  path: Assets/Script/EventPoint3.cs
  artifactKey: Guid(a271b3f7137d0614a9a30990f65446c6) Importer(815301076,1909f56bfc062723c751e8b465ee728b)
Start importing Assets/Script/EventPoint3.cs using Guid(a271b3f7137d0614a9a30990f65446c6) Importer(815301076,1909f56bfc062723c751e8b465ee728b)  -> (artifact id: 'b9930d44baea7936ad1dfc0d1c37e6b4') in 0.005065 seconds
  Import took 0.007346 seconds .

========================================================================
Received Prepare
Registering precompiled user dll's ...
Registered in 0.002391 seconds.
Begin MonoManager ReloadAssembly
Native extension for WindowsStandalone target not found
Refreshing native plugins compatible for Editor in 0.47 ms, found 1 plugins.
Preloading 0 native plugins for Editor in 0.00 ms.
Mono: successfully reloaded assembly
- Completed reload, in  0.753 seconds
Platform modules already initialized, skipping
Refreshing native plugins compatible for Editor in 0.48 ms, found 1 plugins.
Preloading 0 native plugins for Editor in 0.00 ms.
Unloading 1817 Unused Serialized files (Serialized files now loaded: 0)
System memory in use before: 86.2 MB.
System memory in use after: 86.2 MB.

Unloading 11 unused Assets to reduce memory usage. Loaded Objects now: 2289.
Total: 2.306500 ms (FindLiveObjects: 0.292900 ms CreateObjectMapping: 0.162300 ms MarkObjects: 1.731500 ms  DeleteObjects: 0.119000 ms)

AssetImportWorkerClient::OnTransportError - code=2 error=End of file
